This is pdfTeX, Version 3.141592653-2.6-1.40.26 (MiKTeX 24.4) (preloaded format=pdflatex 2024.5.24)  27 OCT 2024 20:45
entering extended mode
 \write18 enabled.
 %&-line parsing enabled.
**\def\tikzexternalrealjob{main}\input{main}
(main.tex (ipn.cls
Document Class: ipn 
(/home/sebastian/.miktex/texmfs/install/tex/latex/base/book.cls
Document Class: book 2023/05/17 v1.4n Standard LaTeX document class
(/home/sebastian/.miktex/texmfs/install/tex/latex/base/bk12.clo
File: bk12.clo 2023/05/17 v1.4n Standard LaTeX file (size option)
)
\c@part=\count189
\c@chapter=\count190
\c@section=\count191
\c@subsection=\count192
\c@subsubsection=\count193
\c@paragraph=\count194
\c@subparagraph=\count195
\c@figure=\count196
\c@table=\count197
\abovecaptionskip=\skip48
\belowcaptionskip=\skip49
\bibindent=\dimen140
) (/home/sebastian/.miktex/texmfs/install/tex/latex/base/inputenc.sty
Package: inputenc 2021/02/14 v1.3d Input encoding file
\inpenc@prehook=\toks17
\inpenc@posthook=\toks18
) (/home/sebastian/.miktex/texmfs/install/tex/latex/xcolor/xcolor.sty
Package: xcolor 2023/11/15 v3.01 LaTeX color extensions (UK)
(/home/sebastian/.miktex/texmfs/install/tex/latex/graphics-cfg/color.cfg
File: color.cfg 2016/01/02 v1.6 sample color configuration
)
Package xcolor Info: Driver file: pdftex.def on input line 274.
(/home/sebastian/.miktex/texmfs/install/tex/latex/graphics-def/pdftex.def
File: pdftex.def 2024/04/13 v1.2c Graphics/color driver for pdftex
) (/home/sebastian/.miktex/texmfs/install/tex/latex/graphics/mathcolor.ltx)
Package xcolor Info: Model `cmy' substituted by `cmy0' on input line 1350.
Package xcolor Info: Model `hsb' substituted by `rgb' on input line 1354.
Package xcolor Info: Model `RGB' extended on input line 1366.
Package xcolor Info: Model `HTML' substituted by `rgb' on input line 1368.
Package xcolor Info: Model `Hsb' substituted by `hsb' on input line 1369.
Package xcolor Info: Model `tHsb' substituted by `hsb' on input line 1370.
Package xcolor Info: Model `HSB' substituted by `hsb' on input line 1371.
Package xcolor Info: Model `Gray' substituted by `gray' on input line 1372.
Package xcolor Info: Model `wave' substituted by `hsb' on input line 1373.
) (/home/sebastian/.miktex/texmfs/install/tex/latex/geometry/geometry.sty
Package: geometry 2020/01/02 v5.9 Page Geometry
(/home/sebastian/.miktex/texmfs/install/tex/latex/graphics/keyval.sty
Package: keyval 2022/05/29 v1.15 key=value parser (DPC)
\KV@toks@=\toks19
) (/home/sebastian/.miktex/texmfs/install/tex/generic/iftex/ifvtex.sty
Package: ifvtex 2019/10/25 v1.7 ifvtex legacy package. Use iftex instead.
(/home/sebastian/.miktex/texmfs/install/tex/generic/iftex/iftex.sty
Package: iftex 2022/02/03 v1.0f TeX engine tests
))
\Gm@cnth=\count198
\Gm@cntv=\count199
\c@Gm@tempcnt=\count266
\Gm@bindingoffset=\dimen141
\Gm@wd@mp=\dimen142
\Gm@odd@mp=\dimen143
\Gm@even@mp=\dimen144
\Gm@layoutwidth=\dimen145
\Gm@layoutheight=\dimen146
\Gm@layouthoffset=\dimen147
\Gm@layoutvoffset=\dimen148
\Gm@dimlist=\toks20
(/home/sebastian/.miktex/texmfs/install/tex/latex/geometry/geometry.cfg)) (/hom
e/sebastian/.miktex/texmfs/install/tex/latex/adjustbox/adjustbox.sty
Package: adjustbox 2022/10/17 v1.3a Adjusting TeX boxes (trim, clip, ...)
(/home/sebastian/.miktex/texmfs/install/tex/latex/xkeyval/xkeyval.sty
Package: xkeyval 2022/06/16 v2.9 package option processing (HA)
(/home/sebastian/.miktex/texmfs/install/tex/generic/xkeyval/xkeyval.tex (/home/
sebastian/.miktex/texmfs/install/tex/generic/xkeyval/xkvutils.tex
\XKV@toks=\toks21
\XKV@tempa@toks=\toks22
)
\XKV@depth=\count267
File: xkeyval.tex 2014/12/03 v2.7a key=value parser (HA)
)) (/home/sebastian/.miktex/texmfs/install/tex/latex/adjustbox/adjcalc.sty
Package: adjcalc 2012/05/16 v1.1 Provides advanced setlength with multiple back
-ends (calc, etex, pgfmath)
) (/home/sebastian/.miktex/texmfs/install/tex/latex/adjustbox/trimclip.sty
Package: trimclip 2020/08/19 v1.2 Trim and clip general TeX material
(/home/sebastian/.miktex/texmfs/install/tex/latex/graphics/graphicx.sty
Package: graphicx 2021/09/16 v1.2d Enhanced LaTeX Graphics (DPC,SPQR)
(/home/sebastian/.miktex/texmfs/install/tex/latex/graphics/graphics.sty
Package: graphics 2022/03/10 v1.4e Standard LaTeX Graphics (DPC,SPQR)
(/home/sebastian/.miktex/texmfs/install/tex/latex/graphics/trig.sty
Package: trig 2021/08/11 v1.11 sin cos tan (DPC)
) (/home/sebastian/.miktex/texmfs/install/tex/latex/graphics-cfg/graphics.cfg
File: graphics.cfg 2016/06/04 v1.11 sample graphics configuration
)
Package graphics Info: Driver file: pdftex.def on input line 107.
)
\Gin@req@height=\dimen149
\Gin@req@width=\dimen150
) (/home/sebastian/.miktex/texmfs/install/tex/latex/collectbox/collectbox.sty
Package: collectbox 2022/10/17 v0.4c Collect macro arguments as boxes
\collectedbox=\box51
)
\tc@llx=\dimen151
\tc@lly=\dimen152
\tc@urx=\dimen153
\tc@ury=\dimen154
Package trimclip Info: Using driver 'tc-pdftex.def'.
(/home/sebastian/.miktex/texmfs/install/tex/latex/adjustbox/tc-pdftex.def
File: tc-pdftex.def 2019/01/04 v2.2 Clipping driver for pdftex
))
\adjbox@Width=\dimen155
\adjbox@Height=\dimen156
\adjbox@Depth=\dimen157
\adjbox@Totalheight=\dimen158
\adjbox@pwidth=\dimen159
\adjbox@pheight=\dimen160
\adjbox@pdepth=\dimen161
\adjbox@ptotalheight=\dimen162
(/home/sebastian/.miktex/texmfs/install/tex/latex/ifoddpage/ifoddpage.sty
Package: ifoddpage 2022/10/18 v1.2 Conditionals for odd/even page detection
\c@checkoddpage=\count268
) (/home/sebastian/.miktex/texmfs/install/tex/latex/varwidth/varwidth.sty
Package: varwidth 2009/03/30 ver 0.92;  Variable-width minipages
\@vwid@box=\box52
\sift@deathcycles=\count269
\@vwid@loff=\dimen163
\@vwid@roff=\dimen164
)) (/home/sebastian/.miktex/texmfs/install/tex/latex/titlesec/titlesec.sty
Package: titlesec 2023/10/27 v2.16 Sectioning titles
\ttl@box=\box53
\beforetitleunit=\skip50
\aftertitleunit=\skip51
\ttl@plus=\dimen165
\ttl@minus=\dimen166
\ttl@toksa=\toks23
\titlewidth=\dimen167
\titlewidthlast=\dimen168
\titlewidthfirst=\dimen169
))
(/home/sebastian/.miktex/texmfs/install/tex/latex/matlab-prettifier/matlab-pret
tifier.sty
Package: matlab-prettifier 2014/06/19 v0.3 A package for prettyprinting Matlab 
source code
(/home/sebastian/.miktex/texmfs/install/tex/latex/base/textcomp.sty
Package: textcomp 2020/02/02 v2.0n Standard LaTeX package
) (/home/sebastian/.miktex/texmfs/install/tex/latex/listings/listings.sty
\lst@mode=\count270
\lst@gtempboxa=\box54
\lst@token=\toks24
\lst@length=\count271
\lst@currlwidth=\dimen170
\lst@column=\count272
\lst@pos=\count273
\lst@lostspace=\dimen171
\lst@width=\dimen172
\lst@newlines=\count274
\lst@lineno=\count275
\lst@maxwidth=\dimen173
(/home/sebastian/.miktex/texmfs/install/tex/latex/listings/lstpatch.sty
File: lstpatch.sty 2024/03/11 1.10a (Carsten Heinz)
) (/home/sebastian/.miktex/texmfs/install/tex/latex/listings/lstmisc.sty
File: lstmisc.sty 2024/03/11 1.10a (Carsten Heinz)
\c@lstnumber=\count276
\lst@skipnumbers=\count277
\lst@framebox=\box55
) (/home/sebastian/.miktex/texmfs/install/tex/latex/listings/listings.cfg
File: listings.cfg 2024/03/11 1.10a listings configuration
))
Package: listings 2024/03/11 1.10a (Carsten Heinz)
\netBracketCount@mlpr=\count278
\blkLvl@mlpr=\count279
\blkLvlAtClassdef@mlpr=\count280
\emHeight@mlpr=\skip52
\jayDepth@mlpr=\skip53
\sectionRuleOffset@mlpr=\skip54
\toks@mlpr=\toks25
) (ipnstyle.sty
Package: ipnstyle 2023/09/30 Custom IPN LaTeX style
(/home/sebastian/.miktex/texmfs/install/tex/latex/standalone/standalone.sty
Package: standalone 2022/10/10 v1.3b Package to include TeX sub-files with prea
mbles
(/home/sebastian/.miktex/texmfs/install/tex/latex/tools/shellesc.sty
Package: shellesc 2023/07/08 v1.0d unified shell escape interface for LaTeX
Package shellesc Info: Unrestricted shell escape enabled on input line 75.
) (/home/sebastian/.miktex/texmfs/install/tex/latex/currfile/currfile.sty
Package: currfile 2024/03/14 v1.0 Provides the file path elements of the curren
t input file
(/home/sebastian/.miktex/texmfs/install/tex/latex/kvoptions/kvoptions.sty
Package: kvoptions 2022-06-15 v3.15 Key value format for package options (HO)
(/home/sebastian/.miktex/texmfs/install/tex/generic/ltxcmds/ltxcmds.sty
Package: ltxcmds 2023-12-04 v1.26 LaTeX kernel commands for general use (HO)
) (/home/sebastian/.miktex/texmfs/install/tex/latex/kvsetkeys/kvsetkeys.sty
Package: kvsetkeys 2022-10-05 v1.19 Key value parser (HO)
)) (/home/sebastian/.miktex/texmfs/install/tex/latex/filehook/filehook.sty
Package: filehook 2022/10/25 v0.8b Hooks for input files
(/home/sebastian/.miktex/texmfs/install/tex/latex/filehook/filehook-2020.sty
Package: filehook-2020 2022/10/25 v0.8b Hooks for input files
))
\c@currfiledepth=\count281
) (/home/sebastian/.miktex/texmfs/install/tex/latex/gincltex/gincltex.sty (/hom
e/sebastian/.miktex/texmfs/install/tex/latex/svn-prov/svn-prov.sty
Package: svn-prov 2010/04/24 v3.1862 Package Date/Version from SVN Keywords
)
Package: gincltex 2011/09/04 v0.3 Include external LaTeX files like graphics
\gincltex@box=\box56
) (/home/sebastian/.miktex/texmfs/install/tex/latex/filemod/filemod-expmin.sty
Package: filemod-expmin 2011/09/19 v1.2 Get and compare file modification times
 (expandable; minimal)
))
(/home/sebastian/.miktex/texmfs/install/tex/latex/algorithmicx/algpseudocode.st
y
Package: algpseudocode 
(/home/sebastian/.miktex/texmfs/install/tex/latex/base/ifthen.sty
Package: ifthen 2022/04/13 v1.1d Standard LaTeX ifthen package (DPC)
)
(/home/sebastian/.miktex/texmfs/install/tex/latex/algorithmicx/algorithmicx.sty
Package: algorithmicx 2005/04/27 v1.2 Algorithmicx
Document Style algorithmicx 1.2 - a greatly improved `algorithmic' style
\c@ALG@line=\count282
\c@ALG@rem=\count283
\c@ALG@nested=\count284
\ALG@tlm=\skip55
\ALG@thistlm=\skip56
\c@ALG@Lnr=\count285
\c@ALG@blocknr=\count286
\c@ALG@storecount=\count287
\c@ALG@tmpcounter=\count288
\ALG@tmplength=\skip57
)
Document Style - pseudocode environments for use with the `algorithmicx' style
) (/home/sebastian/.miktex/texmfs/install/tex/latex/algorithms/algorithm.sty
Package: algorithm 2009/08/24 v0.1 Document Style `algorithm' - floating enviro
nment
(/home/sebastian/.miktex/texmfs/install/tex/latex/float/float.sty
Package: float 2001/11/08 v1.3d Float enhancements (AL)
\c@float@type=\count289
\float@exts=\toks26
\float@box=\box57
\@float@everytoks=\toks27
\@floatcapt=\box58
)
\@float@every@algorithm=\toks28
\c@algorithm=\count290
) (/home/sebastian/.miktex/texmfs/install/tex/latex/amsmath/amsmath.sty
Package: amsmath 2023/05/13 v2.17o AMS math features
\@mathmargin=\skip58
For additional information on amsmath, use the `?' option.
(/home/sebastian/.miktex/texmfs/install/tex/latex/amsmath/amstext.sty
Package: amstext 2021/08/26 v2.01 AMS text
(/home/sebastian/.miktex/texmfs/install/tex/latex/amsmath/amsgen.sty
File: amsgen.sty 1999/11/30 v2.0 generic functions
\@emptytoks=\toks29
\ex@=\dimen174
)) (/home/sebastian/.miktex/texmfs/install/tex/latex/amsmath/amsbsy.sty
Package: amsbsy 1999/11/29 v1.2d Bold Symbols
\pmbraise@=\dimen175
) (/home/sebastian/.miktex/texmfs/install/tex/latex/amsmath/amsopn.sty
Package: amsopn 2022/04/08 v2.04 operator names
)
\inf@bad=\count291
LaTeX Info: Redefining \frac on input line 234.
\uproot@=\count292
\leftroot@=\count293
LaTeX Info: Redefining \overline on input line 399.
LaTeX Info: Redefining \colon on input line 410.
\classnum@=\count294
\DOTSCASE@=\count295
LaTeX Info: Redefining \ldots on input line 496.
LaTeX Info: Redefining \dots on input line 499.
LaTeX Info: Redefining \cdots on input line 620.
\Mathstrutbox@=\box59
\strutbox@=\box60
LaTeX Info: Redefining \big on input line 722.
LaTeX Info: Redefining \Big on input line 723.
LaTeX Info: Redefining \bigg on input line 724.
LaTeX Info: Redefining \Bigg on input line 725.
\big@size=\dimen176
LaTeX Font Info:    Redeclaring font encoding OML on input line 743.
LaTeX Font Info:    Redeclaring font encoding OMS on input line 744.
\macc@depth=\count296
LaTeX Info: Redefining \bmod on input line 905.
LaTeX Info: Redefining \pmod on input line 910.
LaTeX Info: Redefining \smash on input line 940.
LaTeX Info: Redefining \relbar on input line 970.
LaTeX Info: Redefining \Relbar on input line 971.
\c@MaxMatrixCols=\count297
\dotsspace@=\muskip16
\c@parentequation=\count298
\dspbrk@lvl=\count299
\tag@help=\toks30
\row@=\count300
\column@=\count301
\maxfields@=\count302
\andhelp@=\toks31
\eqnshift@=\dimen177
\alignsep@=\dimen178
\tagshift@=\dimen179
\tagwidth@=\dimen180
\totwidth@=\dimen181
\lineht@=\dimen182
\@envbody=\toks32
\multlinegap=\skip59
\multlinetaggap=\skip60
\mathdisplay@stack=\toks33
LaTeX Info: Redefining \[ on input line 2953.
LaTeX Info: Redefining \] on input line 2954.
) (/home/sebastian/.miktex/texmfs/install/tex/latex/amsfonts/amsfonts.sty
Package: amsfonts 2013/01/14 v3.01 Basic AMSFonts support
\symAMSa=\mathgroup4
\symAMSb=\mathgroup5
LaTeX Font Info:    Redeclaring math symbol \hbar on input line 98.
LaTeX Font Info:    Overwriting math alphabet `\mathfrak' in version `bold'
(Font)                  U/euf/m/n --> U/euf/b/n on input line 106.
) (/home/sebastian/.miktex/texmfs/install/tex/latex/amscls/amsthm.sty
Package: amsthm 2020/05/29 v2.20.6
\thm@style=\toks34
\thm@bodyfont=\toks35
\thm@headfont=\toks36
\thm@notefont=\toks37
\thm@headpunct=\toks38
\thm@preskip=\skip61
\thm@postskip=\skip62
\thm@headsep=\skip63
\dth@everypar=\toks39
) (/home/sebastian/.miktex/texmfs/install/tex/latex/amsfonts/amssymb.sty
Package: amssymb 2013/01/14 v3.01 AMS font symbols
) (/home/sebastian/.miktex/texmfs/install/tex/latex/cancel/cancel.sty
Package: cancel 2013/04/12 v2.2 Cancel math terms
) (/home/sebastian/.miktex/texmfs/install/tex/generic/babel/babel.sty
Package: babel 2024/04/20 v24.4 The Babel package
\babel@savecnt=\count303
\U@D=\dimen183
\l@unhyphenated=\language1
(/home/sebastian/.miktex/texmfs/install/tex/generic/babel/txtbabel.def)
\bbl@readstream=\read2
\bbl@dirlevel=\count304
*************************************
* Local config file bblopts.cfg used
*
(/home/sebastian/.miktex/texmfs/install/tex/latex/arabi/bblopts.cfg
File: bblopts.cfg 2005/09/08 v0.1 add Arabic and Farsi to "declared" options of
 babel
) (/home/sebastian/.miktex/texmfs/install/tex/latex/babel-spanish/spanish.ldf
Language: spanish.ldf 2021/05/27 v5.0q Spanish support from the babel system

Package babel Warning: No hyphenation patterns were preloaded for
(babel)                the language 'Spanish' into the format.
(babel)                Please, configure your TeX system to add them and
(babel)                rebuild the format. Now I will use the patterns
(babel)                preloaded for \language=0 instead on input line 51.

\es@quottoks=\toks40
\es@quotdepth=\count305
Package babel Info: Making " an active character on input line 570.
Package babel Info: Making . an active character on input line 675.
Package babel Info: Making < an active character on input line 722.
Package babel Info: Making > an active character on input line 722.
))
(/home/sebastian/.miktex/texmfs/install/tex/generic/babel/locale/es/babel-spani
sh.tex
Package babel Info: Importing font and identification data for spanish
(babel)             from babel-es.ini. Reported on input line 11.
) (/home/sebastian/.miktex/texmfs/install/tex/latex/csquotes/csquotes.sty
Package: csquotes 2024-04-04 v5.2o context-sensitive quotations (JAW)
(/home/sebastian/.miktex/texmfs/install/tex/latex/etoolbox/etoolbox.sty
Package: etoolbox 2020/10/05 v2.5k e-TeX tools for LaTeX (JAW)
\etb@tempcnta=\count306
)
\csq@reset=\count307
\csq@gtype=\count308
\csq@glevel=\count309
\csq@qlevel=\count310
\csq@maxlvl=\count311
\csq@tshold=\count312
\csq@ltx@everypar=\toks41
(/home/sebastian/.miktex/texmfs/install/tex/latex/csquotes/csquotes.def
File: csquotes.def 2024-04-04 v5.2o csquotes generic definitions (JAW)
)
Package csquotes Info: Trying to load configuration file 'csquotes.cfg'...
Package csquotes Info: ... configuration file loaded successfully.
(/home/sebastian/.miktex/texmfs/install/tex/latex/csquotes/csquotes.cfg
File: csquotes.cfg 
)) (/home/sebastian/.miktex/texmfs/install/tex/latex/biblatex/biblatex.sty
Package: biblatex 2024/03/21 v3.20 programmable bibliographies (PK/MW)
(/home/sebastian/.miktex/texmfs/install/tex/generic/pdftexcmds/pdftexcmds.sty
Package: pdftexcmds 2020-06-27 v0.33 Utility functions of pdfTeX for LuaTeX (HO
)
(/home/sebastian/.miktex/texmfs/install/tex/generic/infwarerr/infwarerr.sty
Package: infwarerr 2019/12/03 v1.5 Providing info/warning/error messages (HO)
)
Package pdftexcmds Info: \pdf@primitive is available.
Package pdftexcmds Info: \pdf@ifprimitive is available.
Package pdftexcmds Info: \pdfdraftmode found.
) (/home/sebastian/.miktex/texmfs/install/tex/latex/logreq/logreq.sty
Package: logreq 2010/08/04 v1.0 xml request logger
\lrq@indent=\count313
(/home/sebastian/.miktex/texmfs/install/tex/latex/logreq/logreq.def
File: logreq.def 2010/08/04 v1.0 logreq spec v1.0
)) (/home/sebastian/.miktex/texmfs/install/tex/latex/url/url.sty
\Urlmuskip=\muskip17
Package: url 2013/09/16  ver 3.4  Verb mode for urls, etc.
)
\c@tabx@nest=\count314
\c@listtotal=\count315
\c@listcount=\count316
\c@liststart=\count317
\c@liststop=\count318
\c@citecount=\count319
\c@citetotal=\count320
\c@multicitecount=\count321
\c@multicitetotal=\count322
\c@instcount=\count323
\c@maxnames=\count324
\c@minnames=\count325
\c@maxitems=\count326
\c@minitems=\count327
\c@citecounter=\count328
\c@maxcitecounter=\count329
\c@savedcitecounter=\count330
\c@uniquelist=\count331
\c@uniquename=\count332
\c@refsection=\count333
\c@refsegment=\count334
\c@maxextratitle=\count335
\c@maxextratitleyear=\count336
\c@maxextraname=\count337
\c@maxextradate=\count338
\c@maxextraalpha=\count339
\c@abbrvpenalty=\count340
\c@highnamepenalty=\count341
\c@lownamepenalty=\count342
\c@maxparens=\count343
\c@parenlevel=\count344
\blx@tempcnta=\count345
\blx@tempcntb=\count346
\blx@tempcntc=\count347
\c@blx@maxsection=\count348
\blx@maxsegment@0=\count349
\blx@notetype=\count350
\blx@parenlevel@text=\count351
\blx@parenlevel@foot=\count352
\blx@sectionciteorder@0=\count353
\blx@sectionciteorderinternal@0=\count354
\blx@entrysetcounter=\count355
\blx@biblioinstance=\count356
\labelnumberwidth=\skip64
\labelalphawidth=\skip65
\biblabelsep=\skip66
\bibitemsep=\skip67
\bibnamesep=\skip68
\bibinitsep=\skip69
\bibparsep=\skip70
\bibhang=\skip71
\blx@bcfin=\read3
\blx@bcfout=\write3
\blx@langwohyphens=\language2
\c@mincomprange=\count357
\c@maxcomprange=\count358
\c@mincompwidth=\count359
Package biblatex Info: Trying to load biblatex default data model...
Package biblatex Info: ... file 'blx-dm.def' found.
(/home/sebastian/.miktex/texmfs/install/tex/latex/biblatex/blx-dm.def
File: blx-dm.def 2024/03/21 v3.20 biblatex datamodel (PK/MW)
)
Package biblatex Info: Trying to load biblatex style data model...
Package biblatex Info: ... file 'numeric-comp.dbx' not found.
Package biblatex Info: Trying to load biblatex custom data model...
Package biblatex Info: ... file 'biblatex-dm.cfg' not found.
\c@afterword=\count360
\c@savedafterword=\count361
\c@annotator=\count362
\c@savedannotator=\count363
\c@author=\count364
\c@savedauthor=\count365
\c@bookauthor=\count366
\c@savedbookauthor=\count367
\c@commentator=\count368
\c@savedcommentator=\count369
\c@editor=\count370
\c@savededitor=\count371
\c@editora=\count372
\c@savededitora=\count373
\c@editorb=\count374
\c@savededitorb=\count375
\c@editorc=\count376
\c@savededitorc=\count377
\c@foreword=\count378
\c@savedforeword=\count379
\c@holder=\count380
\c@savedholder=\count381
\c@introduction=\count382
\c@savedintroduction=\count383
\c@namea=\count384
\c@savednamea=\count385
\c@nameb=\count386
\c@savednameb=\count387
\c@namec=\count388
\c@savednamec=\count389
\c@translator=\count390
\c@savedtranslator=\count391
\c@shortauthor=\count392
\c@savedshortauthor=\count393
\c@shorteditor=\count394
\c@savedshorteditor=\count395
\c@labelname=\count396
\c@savedlabelname=\count397
\c@institution=\count398
\c@savedinstitution=\count399
\c@lista=\count400
\c@savedlista=\count401
\c@listb=\count402
\c@savedlistb=\count403
\c@listc=\count404
\c@savedlistc=\count405
\c@listd=\count406
\c@savedlistd=\count407
\c@liste=\count408
\c@savedliste=\count409
\c@listf=\count410
\c@savedlistf=\count411
\c@location=\count412
\c@savedlocation=\count413
\c@organization=\count414
\c@savedorganization=\count415
\c@origlocation=\count416
\c@savedoriglocation=\count417
\c@origpublisher=\count418
\c@savedorigpublisher=\count419
\c@publisher=\count420
\c@savedpublisher=\count421
\c@language=\count422
\c@savedlanguage=\count423
\c@origlanguage=\count424
\c@savedoriglanguage=\count425
\c@pageref=\count426
\c@savedpageref=\count427
\shorthandwidth=\skip72
\shortjournalwidth=\skip73
\shortserieswidth=\skip74
\shorttitlewidth=\skip75
\shortauthorwidth=\skip76
\shorteditorwidth=\skip77
\locallabelnumberwidth=\skip78
\locallabelalphawidth=\skip79
\localshorthandwidth=\skip80
\localshortjournalwidth=\skip81
\localshortserieswidth=\skip82
\localshorttitlewidth=\skip83
\localshortauthorwidth=\skip84
\localshorteditorwidth=\skip85
Package biblatex Info: Trying to load compatibility code...
Package biblatex Info: ... file 'blx-compat.def' found.
(/home/sebastian/.miktex/texmfs/install/tex/latex/biblatex/blx-compat.def
File: blx-compat.def 2024/03/21 v3.20 biblatex compatibility (PK/MW)
)
Package biblatex Info: Trying to load generic definitions...
Package biblatex Info: ... file 'biblatex.def' found.
(/home/sebastian/.miktex/texmfs/install/tex/latex/biblatex/biblatex.def
File: biblatex.def 2024/03/21 v3.20 biblatex compatibility (PK/MW)
\c@textcitecount=\count428
\c@textcitetotal=\count429
\c@textcitemaxnames=\count430
\c@biburlbigbreakpenalty=\count431
\c@biburlbreakpenalty=\count432
\c@biburlnumpenalty=\count433
\c@biburlucpenalty=\count434
\c@biburllcpenalty=\count435
\biburlbigskip=\muskip18
\biburlnumskip=\muskip19
\biburlucskip=\muskip20
\biburllcskip=\muskip21
\c@smartand=\count436
)
Package biblatex Info: Trying to load bibliography style 'numeric-comp'...
Package biblatex Info: ... file 'numeric-comp.bbx' found.

(/home/sebastian/.miktex/texmfs/install/tex/latex/biblatex/bbx/numeric-comp.bbx
File: numeric-comp.bbx 2024/03/21 v3.20 biblatex bibliography style (PK/MW)
Package biblatex Info: Trying to load bibliography style 'numeric'...
Package biblatex Info: ... file 'numeric.bbx' found.
(/home/sebastian/.miktex/texmfs/install/tex/latex/biblatex/bbx/numeric.bbx
File: numeric.bbx 2024/03/21 v3.20 biblatex bibliography style (PK/MW)
Package biblatex Info: Trying to load bibliography style 'standard'...
Package biblatex Info: ... file 'standard.bbx' found.
(/home/sebastian/.miktex/texmfs/install/tex/latex/biblatex/bbx/standard.bbx
File: standard.bbx 2024/03/21 v3.20 biblatex bibliography style (PK/MW)
\c@bbx:relatedcount=\count437
\c@bbx:relatedtotal=\count438
)))
Package biblatex Info: Trying to load citation style 'numeric-comp'...
Package biblatex Info: ... file 'numeric-comp.cbx' found.

(/home/sebastian/.miktex/texmfs/install/tex/latex/biblatex/cbx/numeric-comp.cbx
File: numeric-comp.cbx 2024/03/21 v3.20 biblatex citation style (PK/MW)
\c@cbx@tempcnta=\count439
\c@cbx@tempcntb=\count440
\c@cbx@tempcntc=\count441
\c@cbx@tempcntd=\count442
Package biblatex Info: Redefining '\cite'.
Package biblatex Info: Redefining '\parencite'.
Package biblatex Info: Redefining '\footcite'.
Package biblatex Info: Redefining '\footcitetext'.
Package biblatex Info: Redefining '\smartcite'.
Package biblatex Info: Redefining '\supercite'.
Package biblatex Info: Redefining '\textcite'.
Package biblatex Info: Redefining '\textcites'.
Package biblatex Info: Redefining '\cites'.
Package biblatex Info: Redefining '\parencites'.
Package biblatex Info: Redefining '\smartcites'.
)
Package biblatex Info: Trying to load configuration file...
Package biblatex Info: ... file 'biblatex.cfg' found.
(/home/sebastian/.miktex/texmfs/install/tex/latex/biblatex/biblatex.cfg
File: biblatex.cfg 
)
Package biblatex Info: Input encoding 'utf8' detected.
Package biblatex Info: Document encoding is UTF8 ....
(/home/sebastian/.miktex/texmfs/install/tex/latex/l3kernel/expl3.sty
Package: expl3 2024-04-11 L3 programming layer (loader) 

(/home/sebastian/.miktex/texmfs/install/tex/latex/l3backend/l3backend-pdftex.de
f
File: l3backend-pdftex.def 2024-04-11 L3 backend support: PDF output (pdfTeX)
\l__color_backend_stack_int=\count443
\l__pdf_internal_box=\box61
))
Package biblatex Info: ... and expl3
(biblatex)             2024-04-11 L3 programming layer (loader) 
(biblatex)             is new enough (at least 2020/04/06),
(biblatex)             setting 'casechanger=expl3'.
(/home/sebastian/.miktex/texmfs/install/tex/latex/biblatex/blx-case-expl3.sty (
/home/sebastian/.miktex/texmfs/install/tex/latex/l3packages/xparse/xparse.sty
Package: xparse 2024-03-14 L3 Experimental document command parser
)
Package: blx-case-expl3 2024/03/21 v3.20 expl3 case changing code for biblatex
)) (/home/sebastian/.miktex/texmfs/install/tex/latex/booktabs/booktabs.sty
Package: booktabs 2020/01/12 v1.61803398 Publication quality tables
\heavyrulewidth=\dimen184
\lightrulewidth=\dimen185
\cmidrulewidth=\dimen186
\belowrulesep=\dimen187
\belowbottomsep=\dimen188
\aboverulesep=\dimen189
\abovetopsep=\dimen190
\cmidrulesep=\dimen191
\cmidrulekern=\dimen192
\defaultaddspace=\dimen193
\@cmidla=\count444
\@cmidlb=\count445
\@aboverulesep=\dimen194
\@belowrulesep=\dimen195
\@thisruleclass=\count446
\@lastruleclass=\count447
\@thisrulewidth=\dimen196
)
\c@definition=\count448
\c@theorem=\count449
\c@corollary=\count450
\c@lemma=\count451
) (/home/sebastian/.miktex/texmfs/install/tex/latex/lipsum/lipsum.sty
(/home/sebastian/.miktex/texmfs/install/tex/latex/l3packages/l3keys2e/l3keys2e.
sty
Package: l3keys2e 2024-03-14 LaTeX2e option processing using LaTeX3 keys
)
Package: lipsum 2021-09-20 v2.7 150 paragraphs of Lorem Ipsum dummy text
\g__lipsum_par_int=\count452
\l__lipsum_a_int=\count453
\l__lipsum_b_int=\count454
(/home/sebastian/.miktex/texmfs/install/tex/latex/lipsum/lipsum.ltd.tex)) (/hom
e/sebastian/.miktex/texmfs/install/tex/latex/caption/caption.sty
Package: caption 2023/08/05 v3.6o Customizing captions (AR)
(/home/sebastian/.miktex/texmfs/install/tex/latex/caption/caption3.sty
Package: caption3 2023/07/31 v2.4d caption3 kernel (AR)
\caption@tempdima=\dimen197
\captionmargin=\dimen198
\caption@leftmargin=\dimen199
\caption@rightmargin=\dimen256
\caption@width=\dimen257
\caption@indent=\dimen258
\caption@parindent=\dimen259
\caption@hangindent=\dimen260
Package caption Info: Standard document class detected.
)
\c@caption@flags=\count455
\c@continuedfloat=\count456
Package caption Info: float package is loaded.
Package caption Info: listings package is loaded.
) (/home/sebastian/.miktex/texmfs/install/tex/latex/caption/subcaption.sty
Package: subcaption 2023/07/28 v1.6b Sub-captions (AR)
Package caption Info: New subtype `subfigure' on input line 238.
\c@subfigure=\count457
Package caption Info: New subtype `subtable' on input line 238.
\c@subtable=\count458
) (/home/sebastian/.miktex/texmfs/install/tex/latex/bookmark/bookmark.sty
Package: bookmark 2023-12-10 v1.31 PDF bookmarks (HO)
(/home/sebastian/.miktex/texmfs/install/tex/latex/hyperref/hyperref.sty
Package: hyperref 2024-01-20 v7.01h Hypertext links for LaTeX

(/home/sebastian/.miktex/texmfs/install/tex/generic/kvdefinekeys/kvdefinekeys.s
ty
Package: kvdefinekeys 2019-12-19 v1.6 Define keys (HO)
) (/home/sebastian/.miktex/texmfs/install/tex/generic/pdfescape/pdfescape.sty
Package: pdfescape 2019/12/09 v1.15 Implements pdfTeX's escape features (HO)
) (/home/sebastian/.miktex/texmfs/install/tex/latex/hycolor/hycolor.sty
Package: hycolor 2020-01-27 v1.10 Color options for hyperref/bookmark (HO)
) (/home/sebastian/.miktex/texmfs/install/tex/latex/auxhook/auxhook.sty
Package: auxhook 2019-12-17 v1.6 Hooks for auxiliary files (HO)
) (/home/sebastian/.miktex/texmfs/install/tex/latex/hyperref/nameref.sty
Package: nameref 2023-11-26 v2.56 Cross-referencing by name of section
(/home/sebastian/.miktex/texmfs/install/tex/latex/refcount/refcount.sty
Package: refcount 2019/12/15 v3.6 Data extraction from label references (HO)
)
(/home/sebastian/.miktex/texmfs/install/tex/generic/gettitlestring/gettitlestri
ng.sty
Package: gettitlestring 2019/12/15 v1.6 Cleanup title references (HO)
)
\c@section@level=\count459
)
\@linkdim=\dimen261
\Hy@linkcounter=\count460
\Hy@pagecounter=\count461
(/home/sebastian/.miktex/texmfs/install/tex/latex/hyperref/pd1enc.def
File: pd1enc.def 2024-01-20 v7.01h Hyperref: PDFDocEncoding definition (HO)
Now handling font encoding PD1 ...
... no UTF-8 mapping file for font encoding PD1
) (/home/sebastian/.miktex/texmfs/install/tex/generic/intcalc/intcalc.sty
Package: intcalc 2019/12/15 v1.3 Expandable calculations with integers (HO)
)
\Hy@SavedSpaceFactor=\count462
(/home/sebastian/.miktex/texmfs/install/tex/latex/hyperref/puenc.def
File: puenc.def 2024-01-20 v7.01h Hyperref: PDF Unicode definition (HO)
Now handling font encoding PU ...
... no UTF-8 mapping file for font encoding PU
)
Package hyperref Info: Hyper figures OFF on input line 4179.
Package hyperref Info: Link nesting OFF on input line 4184.
Package hyperref Info: Hyper index ON on input line 4187.
Package hyperref Info: Plain pages OFF on input line 4194.
Package hyperref Info: Backreferencing OFF on input line 4199.
Package hyperref Info: Implicit mode ON; LaTeX internals redefined.
Package hyperref Info: Bookmarks ON on input line 4446.
\c@Hy@tempcnt=\count463
LaTeX Info: Redefining \url on input line 4784.
\XeTeXLinkMargin=\dimen262
(/home/sebastian/.miktex/texmfs/install/tex/generic/bitset/bitset.sty
Package: bitset 2019/12/09 v1.3 Handle bit-vector datatype (HO)
(/home/sebastian/.miktex/texmfs/install/tex/generic/bigintcalc/bigintcalc.sty
Package: bigintcalc 2019/12/15 v1.5 Expandable calculations on big integers (HO
)
))
\Fld@menulength=\count464
\Field@Width=\dimen263
\Fld@charsize=\dimen264
Package hyperref Info: Hyper figures OFF on input line 6063.
Package hyperref Info: Link nesting OFF on input line 6068.
Package hyperref Info: Hyper index ON on input line 6071.
Package hyperref Info: backreferencing OFF on input line 6078.
Package hyperref Info: Link coloring OFF on input line 6083.
Package hyperref Info: Link coloring with OCG OFF on input line 6088.
Package hyperref Info: PDF/A mode OFF on input line 6093.
(/home/sebastian/.miktex/texmfs/install/tex/latex/base/atbegshi-ltx.sty
Package: atbegshi-ltx 2021/01/10 v1.0c Emulation of the original atbegshi
package with kernel methods
)
\Hy@abspage=\count465
\c@Item=\count466
\c@Hfootnote=\count467
)
Package hyperref Info: Driver (autodetected): hpdftex.
(/home/sebastian/.miktex/texmfs/install/tex/latex/hyperref/hpdftex.def
File: hpdftex.def 2024-01-20 v7.01h Hyperref driver for pdfTeX
(/home/sebastian/.miktex/texmfs/install/tex/latex/base/atveryend-ltx.sty
Package: atveryend-ltx 2020/08/19 v1.0a Emulation of the original atveryend pac
kage
with kernel methods
)
\Fld@listcount=\count468
\c@bookmark@seq@number=\count469

(/home/sebastian/.miktex/texmfs/install/tex/latex/rerunfilecheck/rerunfilecheck
.sty
Package: rerunfilecheck 2022-07-10 v1.10 Rerun checks for auxiliary files (HO)

(/home/sebastian/.miktex/texmfs/install/tex/generic/uniquecounter/uniquecounter
.sty
Package: uniquecounter 2019/12/15 v1.4 Provide unlimited unique counter (HO)
)
Package uniquecounter Info: New unique counter `rerunfilecheck' on input line 2
85.
)
\Hy@SectionHShift=\skip86
) (/home/sebastian/.miktex/texmfs/install/tex/latex/bookmark/bkm-pdftex.def
File: bkm-pdftex.def 2023-12-10 v1.31 bookmark driver for pdfTeX and luaTeX (HO
)
\BKM@id=\count470
)) (/home/sebastian/.miktex/texmfs/install/tex/latex/tools/longtable.sty
Package: longtable 2023-11-01 v4.19 Multi-page Table package (DPC)
\LTleft=\skip87
\LTright=\skip88
\LTpre=\skip89
\LTpost=\skip90
\LTchunksize=\count471
\LTcapwidth=\dimen265
\LT@head=\box62
\LT@firsthead=\box63
\LT@foot=\box64
\LT@lastfoot=\box65
\LT@gbox=\box66
\LT@cols=\count472
\LT@rows=\count473
\c@LT@tables=\count474
\c@LT@chunks=\count475
\LT@p@ftn=\toks42
) (/home/sebastian/.miktex/texmfs/install/tex/latex/tools/array.sty
Package: array 2023/10/16 v2.5g Tabular extension package (FMi)
\col@sep=\dimen266
\ar@mcellbox=\box67
\extrarowheight=\dimen267
\NC@list=\toks43
\extratabsurround=\skip91
\backup@length=\skip92
\ar@cellbox=\box68
) (/home/sebastian/.miktex/texmfs/install/tex/latex/colortbl/colortbl.sty
Package: colortbl 2024/05/26 v1.0h Color table columns (DPC)
\everycr=\toks44
\minrowclearance=\skip93
\rownum=\count476
) (/home/sebastian/.miktex/texmfs/install/tex/latex/pgf/frontendlayer/tikz.sty 
(/home/sebastian/.miktex/texmfs/install/tex/latex/pgf/basiclayer/pgf.sty (/home
/sebastian/.miktex/texmfs/install/tex/latex/pgf/utilities/pgfrcs.sty
(/home/sebastian/.miktex/texmfs/install/tex/generic/pgf/utilities/pgfutil-commo
n.tex
\pgfutil@everybye=\toks45
\pgfutil@tempdima=\dimen268
\pgfutil@tempdimb=\dimen269
)
(/home/sebastian/.miktex/texmfs/install/tex/generic/pgf/utilities/pgfutil-latex
.def
\pgfutil@abb=\box69
)
(/home/sebastian/.miktex/texmfs/install/tex/generic/pgf/utilities/pgfrcs.code.t
ex (/home/sebastian/.miktex/texmfs/install/tex/generic/pgf/pgf.revision.tex)
Package: pgfrcs 2023-01-15 v3.1.10 (3.1.10)
))
Package: pgf 2023-01-15 v3.1.10 (3.1.10)
(/home/sebastian/.miktex/texmfs/install/tex/latex/pgf/basiclayer/pgfcore.sty (/
home/sebastian/.miktex/texmfs/install/tex/latex/pgf/systemlayer/pgfsys.sty
(/home/sebastian/.miktex/texmfs/install/tex/generic/pgf/systemlayer/pgfsys.code
.tex
Package: pgfsys 2023-01-15 v3.1.10 (3.1.10)

(/home/sebastian/.miktex/texmfs/install/tex/generic/pgf/utilities/pgfkeys.code.
tex
\pgfkeys@pathtoks=\toks46
\pgfkeys@temptoks=\toks47

(/home/sebastian/.miktex/texmfs/install/tex/generic/pgf/utilities/pgfkeyslibrar
yfiltered.code.tex
\pgfkeys@tmptoks=\toks48
))
\pgf@x=\dimen270
\pgf@y=\dimen271
\pgf@xa=\dimen272
\pgf@ya=\dimen273
\pgf@xb=\dimen274
\pgf@yb=\dimen275
\pgf@xc=\dimen276
\pgf@yc=\dimen277
\pgf@xd=\dimen278
\pgf@yd=\dimen279
\w@pgf@writea=\write4
\r@pgf@reada=\read4
\c@pgf@counta=\count477
\c@pgf@countb=\count478
\c@pgf@countc=\count479
\c@pgf@countd=\count480
\t@pgf@toka=\toks49
\t@pgf@tokb=\toks50
\t@pgf@tokc=\toks51
\pgf@sys@id@count=\count481
(/home/sebastian/.miktex/texmfs/install/tex/generic/pgf/systemlayer/pgf.cfg
File: pgf.cfg 2023-01-15 v3.1.10 (3.1.10)
)
Driver file for pgf: pgfsys-pdftex.def

(/home/sebastian/.miktex/texmfs/install/tex/generic/pgf/systemlayer/pgfsys-pdft
ex.def
File: pgfsys-pdftex.def 2023-01-15 v3.1.10 (3.1.10)

(/home/sebastian/.miktex/texmfs/install/tex/generic/pgf/systemlayer/pgfsys-comm
on-pdf.def
File: pgfsys-common-pdf.def 2023-01-15 v3.1.10 (3.1.10)
)))
(/home/sebastian/.miktex/texmfs/install/tex/generic/pgf/systemlayer/pgfsyssoftp
ath.code.tex
File: pgfsyssoftpath.code.tex 2023-01-15 v3.1.10 (3.1.10)
\pgfsyssoftpath@smallbuffer@items=\count482
\pgfsyssoftpath@bigbuffer@items=\count483
)
(/home/sebastian/.miktex/texmfs/install/tex/generic/pgf/systemlayer/pgfsysproto
col.code.tex
File: pgfsysprotocol.code.tex 2023-01-15 v3.1.10 (3.1.10)
))
(/home/sebastian/.miktex/texmfs/install/tex/generic/pgf/basiclayer/pgfcore.code
.tex
Package: pgfcore 2023-01-15 v3.1.10 (3.1.10)
(/home/sebastian/.miktex/texmfs/install/tex/generic/pgf/math/pgfmath.code.tex
(/home/sebastian/.miktex/texmfs/install/tex/generic/pgf/math/pgfmathutil.code.t
ex)
(/home/sebastian/.miktex/texmfs/install/tex/generic/pgf/math/pgfmathparser.code
.tex
\pgfmath@dimen=\dimen280
\pgfmath@count=\count484
\pgfmath@box=\box70
\pgfmath@toks=\toks52
\pgfmath@stack@operand=\toks53
\pgfmath@stack@operation=\toks54
)
(/home/sebastian/.miktex/texmfs/install/tex/generic/pgf/math/pgfmathfunctions.c
ode.tex)
(/home/sebastian/.miktex/texmfs/install/tex/generic/pgf/math/pgfmathfunctions.b
asic.code.tex)
(/home/sebastian/.miktex/texmfs/install/tex/generic/pgf/math/pgfmathfunctions.t
rigonometric.code.tex)
(/home/sebastian/.miktex/texmfs/install/tex/generic/pgf/math/pgfmathfunctions.r
andom.code.tex)
(/home/sebastian/.miktex/texmfs/install/tex/generic/pgf/math/pgfmathfunctions.c
omparison.code.tex)
(/home/sebastian/.miktex/texmfs/install/tex/generic/pgf/math/pgfmathfunctions.b
ase.code.tex)
(/home/sebastian/.miktex/texmfs/install/tex/generic/pgf/math/pgfmathfunctions.r
ound.code.tex)
(/home/sebastian/.miktex/texmfs/install/tex/generic/pgf/math/pgfmathfunctions.m
isc.code.tex)
(/home/sebastian/.miktex/texmfs/install/tex/generic/pgf/math/pgfmathfunctions.i
ntegerarithmetics.code.tex)
(/home/sebastian/.miktex/texmfs/install/tex/generic/pgf/math/pgfmathcalc.code.t
ex)
(/home/sebastian/.miktex/texmfs/install/tex/generic/pgf/math/pgfmathfloat.code.
tex
\c@pgfmathroundto@lastzeros=\count485
)) (/home/sebastian/.miktex/texmfs/install/tex/generic/pgf/math/pgfint.code.tex
)
(/home/sebastian/.miktex/texmfs/install/tex/generic/pgf/basiclayer/pgfcorepoint
s.code.tex
File: pgfcorepoints.code.tex 2023-01-15 v3.1.10 (3.1.10)
\pgf@picminx=\dimen281
\pgf@picmaxx=\dimen282
\pgf@picminy=\dimen283
\pgf@picmaxy=\dimen284
\pgf@pathminx=\dimen285
\pgf@pathmaxx=\dimen286
\pgf@pathminy=\dimen287
\pgf@pathmaxy=\dimen288
\pgf@xx=\dimen289
\pgf@xy=\dimen290
\pgf@yx=\dimen291
\pgf@yy=\dimen292
\pgf@zx=\dimen293
\pgf@zy=\dimen294
)
(/home/sebastian/.miktex/texmfs/install/tex/generic/pgf/basiclayer/pgfcorepathc
onstruct.code.tex
File: pgfcorepathconstruct.code.tex 2023-01-15 v3.1.10 (3.1.10)
\pgf@path@lastx=\dimen295
\pgf@path@lasty=\dimen296
)
(/home/sebastian/.miktex/texmfs/install/tex/generic/pgf/basiclayer/pgfcorepathu
sage.code.tex
File: pgfcorepathusage.code.tex 2023-01-15 v3.1.10 (3.1.10)
\pgf@shorten@end@additional=\dimen297
\pgf@shorten@start@additional=\dimen298
)
(/home/sebastian/.miktex/texmfs/install/tex/generic/pgf/basiclayer/pgfcorescope
s.code.tex
File: pgfcorescopes.code.tex 2023-01-15 v3.1.10 (3.1.10)
\pgfpic=\box71
\pgf@hbox=\box72
\pgf@layerbox@main=\box73
\pgf@picture@serial@count=\count486
)
(/home/sebastian/.miktex/texmfs/install/tex/generic/pgf/basiclayer/pgfcoregraph
icstate.code.tex
File: pgfcoregraphicstate.code.tex 2023-01-15 v3.1.10 (3.1.10)
\pgflinewidth=\dimen299
)
(/home/sebastian/.miktex/texmfs/install/tex/generic/pgf/basiclayer/pgfcoretrans
formations.code.tex
File: pgfcoretransformations.code.tex 2023-01-15 v3.1.10 (3.1.10)
\pgf@pt@x=\dimen300
\pgf@pt@y=\dimen301
\pgf@pt@temp=\dimen302
)
(/home/sebastian/.miktex/texmfs/install/tex/generic/pgf/basiclayer/pgfcorequick
.code.tex
File: pgfcorequick.code.tex 2023-01-15 v3.1.10 (3.1.10)
)
(/home/sebastian/.miktex/texmfs/install/tex/generic/pgf/basiclayer/pgfcoreobjec
ts.code.tex
File: pgfcoreobjects.code.tex 2023-01-15 v3.1.10 (3.1.10)
)
(/home/sebastian/.miktex/texmfs/install/tex/generic/pgf/basiclayer/pgfcorepathp
rocessing.code.tex
File: pgfcorepathprocessing.code.tex 2023-01-15 v3.1.10 (3.1.10)
)
(/home/sebastian/.miktex/texmfs/install/tex/generic/pgf/basiclayer/pgfcorearrow
s.code.tex
File: pgfcorearrows.code.tex 2023-01-15 v3.1.10 (3.1.10)
\pgfarrowsep=\dimen303
)
(/home/sebastian/.miktex/texmfs/install/tex/generic/pgf/basiclayer/pgfcoreshade
.code.tex
File: pgfcoreshade.code.tex 2023-01-15 v3.1.10 (3.1.10)
\pgf@max=\dimen304
\pgf@sys@shading@range@num=\count487
\pgf@shadingcount=\count488
)
(/home/sebastian/.miktex/texmfs/install/tex/generic/pgf/basiclayer/pgfcoreimage
.code.tex
File: pgfcoreimage.code.tex 2023-01-15 v3.1.10 (3.1.10)
)
(/home/sebastian/.miktex/texmfs/install/tex/generic/pgf/basiclayer/pgfcoreexter
nal.code.tex
File: pgfcoreexternal.code.tex 2023-01-15 v3.1.10 (3.1.10)
\pgfexternal@startupbox=\box74
)
(/home/sebastian/.miktex/texmfs/install/tex/generic/pgf/basiclayer/pgfcorelayer
s.code.tex
File: pgfcorelayers.code.tex 2023-01-15 v3.1.10 (3.1.10)
)
(/home/sebastian/.miktex/texmfs/install/tex/generic/pgf/basiclayer/pgfcoretrans
parency.code.tex
File: pgfcoretransparency.code.tex 2023-01-15 v3.1.10 (3.1.10)
)
(/home/sebastian/.miktex/texmfs/install/tex/generic/pgf/basiclayer/pgfcorepatte
rns.code.tex
File: pgfcorepatterns.code.tex 2023-01-15 v3.1.10 (3.1.10)
)
(/home/sebastian/.miktex/texmfs/install/tex/generic/pgf/basiclayer/pgfcorerdf.c
ode.tex
File: pgfcorerdf.code.tex 2023-01-15 v3.1.10 (3.1.10)
)))
(/home/sebastian/.miktex/texmfs/install/tex/generic/pgf/modules/pgfmoduleshapes
.code.tex
File: pgfmoduleshapes.code.tex 2023-01-15 v3.1.10 (3.1.10)
\pgfnodeparttextbox=\box75
)
(/home/sebastian/.miktex/texmfs/install/tex/generic/pgf/modules/pgfmoduleplot.c
ode.tex
File: pgfmoduleplot.code.tex 2023-01-15 v3.1.10 (3.1.10)
)
(/home/sebastian/.miktex/texmfs/install/tex/latex/pgf/compatibility/pgfcomp-ver
sion-0-65.sty
Package: pgfcomp-version-0-65 2023-01-15 v3.1.10 (3.1.10)
\pgf@nodesepstart=\dimen305
\pgf@nodesepend=\dimen306
)
(/home/sebastian/.miktex/texmfs/install/tex/latex/pgf/compatibility/pgfcomp-ver
sion-1-18.sty
Package: pgfcomp-version-1-18 2023-01-15 v3.1.10 (3.1.10)
)) (/home/sebastian/.miktex/texmfs/install/tex/latex/pgf/utilities/pgffor.sty (
/home/sebastian/.miktex/texmfs/install/tex/latex/pgf/utilities/pgfkeys.sty
(/home/sebastian/.miktex/texmfs/install/tex/generic/pgf/utilities/pgfkeys.code.
tex)) (/home/sebastian/.miktex/texmfs/install/tex/latex/pgf/math/pgfmath.sty (/
home/sebastian/.miktex/texmfs/install/tex/generic/pgf/math/pgfmath.code.tex))
(/home/sebastian/.miktex/texmfs/install/tex/generic/pgf/utilities/pgffor.code.t
ex
Package: pgffor 2023-01-15 v3.1.10 (3.1.10)
\pgffor@iter=\dimen307
\pgffor@skip=\dimen308
\pgffor@stack=\toks55
\pgffor@toks=\toks56
))
(/home/sebastian/.miktex/texmfs/install/tex/generic/pgf/frontendlayer/tikz/tikz
.code.tex
Package: tikz 2023-01-15 v3.1.10 (3.1.10)

(/home/sebastian/.miktex/texmfs/install/tex/generic/pgf/libraries/pgflibraryplo
thandlers.code.tex
File: pgflibraryplothandlers.code.tex 2023-01-15 v3.1.10 (3.1.10)
\pgf@plot@mark@count=\count489
\pgfplotmarksize=\dimen309
)
\tikz@lastx=\dimen310
\tikz@lasty=\dimen311
\tikz@lastxsaved=\dimen312
\tikz@lastysaved=\dimen313
\tikz@lastmovetox=\dimen314
\tikz@lastmovetoy=\dimen315
\tikzleveldistance=\dimen316
\tikzsiblingdistance=\dimen317
\tikz@figbox=\box76
\tikz@figbox@bg=\box77
\tikz@tempbox=\box78
\tikz@tempbox@bg=\box79
\tikztreelevel=\count490
\tikznumberofchildren=\count491
\tikznumberofcurrentchild=\count492
\tikz@fig@count=\count493

(/home/sebastian/.miktex/texmfs/install/tex/generic/pgf/modules/pgfmodulematrix
.code.tex
File: pgfmodulematrix.code.tex 2023-01-15 v3.1.10 (3.1.10)
\pgfmatrixcurrentrow=\count494
\pgfmatrixcurrentcolumn=\count495
\pgf@matrix@numberofcolumns=\count496
)
\tikz@expandcount=\count497

(/home/sebastian/.miktex/texmfs/install/tex/generic/pgf/frontendlayer/tikz/libr
aries/tikzlibrarytopaths.code.tex
File: tikzlibrarytopaths.code.tex 2023-01-15 v3.1.10 (3.1.10)
))) (/home/sebastian/.miktex/texmfs/install/tex/latex/pgfplots/pgfplots.sty
(/home/sebastian/.miktex/texmfs/install/tex/generic/pgfplots/pgfplots.revision.
tex)
Package: pgfplots 2021/05/15 v1.18.1 Data Visualization (1.18.1)
(/home/sebastian/.miktex/texmfs/install/tex/generic/pgfplots/pgfplots.code.tex
(/home/sebastian/.miktex/texmfs/install/tex/generic/pgfplots/pgfplotscore.code.
tex
\t@pgfplots@toka=\toks57
\t@pgfplots@tokb=\toks58
\t@pgfplots@tokc=\toks59
\pgfplots@tmpa=\dimen318
\c@pgfplots@coordindex=\count498
\c@pgfplots@scanlineindex=\count499

(/home/sebastian/.miktex/texmfs/install/tex/generic/pgfplots/sys/pgfplotssysgen
eric.code.tex))
(/home/sebastian/.miktex/texmfs/install/tex/generic/pgfplots/libs/pgfplotslibra
ry.code.tex)
(/home/sebastian/.miktex/texmfs/install/tex/generic/pgfplots/oldpgfcompatib/pgf
plotsoldpgfsupp_loader.code.tex
(/home/sebastian/.miktex/texmfs/install/tex/generic/pgf/libraries/pgflibraryfpu
.code.tex)
Package pgfplots: loading complementary utilities for your pgf version...
\t@pgf@toka=\toks60
\t@pgf@tokb=\toks61
\t@pgf@tokc=\toks62

(/home/sebastian/.miktex/texmfs/install/tex/generic/pgfplots/oldpgfcompatib/pgf
plotsoldpgfsupp_pgfutil-common-lists.tex))
(/home/sebastian/.miktex/texmfs/install/tex/generic/pgfplots/util/pgfplotsutil.
code.tex
(/home/sebastian/.miktex/texmfs/install/tex/generic/pgfplots/liststructure/pgfp
lotsliststructure.code.tex)
(/home/sebastian/.miktex/texmfs/install/tex/generic/pgfplots/liststructure/pgfp
lotsliststructureext.code.tex)
(/home/sebastian/.miktex/texmfs/install/tex/generic/pgfplots/liststructure/pgfp
lotsarray.code.tex
\c@pgfplotsarray@tmp=\count500
)
(/home/sebastian/.miktex/texmfs/install/tex/generic/pgfplots/liststructure/pgfp
lotsmatrix.code.tex)
(/home/sebastian/.miktex/texmfs/install/tex/generic/pgfplots/numtable/pgfplotst
ableshared.code.tex
\c@pgfplotstable@counta=\count501
\t@pgfplotstable@a=\toks63
)
(/home/sebastian/.miktex/texmfs/install/tex/generic/pgfplots/liststructure/pgfp
lotsdeque.code.tex)
(/home/sebastian/.miktex/texmfs/install/tex/generic/pgfplots/util/pgfplotsbinar
y.code.tex
(/home/sebastian/.miktex/texmfs/install/tex/generic/pgfplots/util/pgfplotsbinar
y.data.code.tex))
(/home/sebastian/.miktex/texmfs/install/tex/generic/pgfplots/util/pgfplotsutil.
verb.code.tex)
(/home/sebastian/.miktex/texmfs/install/tex/generic/pgfplots/libs/pgflibrarypgf
plots.surfshading.code.tex
\c@pgfplotslibrarysurf@no=\count502

(/home/sebastian/.miktex/texmfs/install/tex/generic/pgfplots/sys/pgflibrarypgfp
lots.surfshading.pgfsys-pdftex.def)))
(/home/sebastian/.miktex/texmfs/install/tex/generic/pgfplots/util/pgfplotscolor
map.code.tex
(/home/sebastian/.miktex/texmfs/install/tex/generic/pgfplots/util/pgfplotscolor
.code.tex))
(/home/sebastian/.miktex/texmfs/install/tex/generic/pgfplots/pgfplotsstackedplo
ts.code.tex)
(/home/sebastian/.miktex/texmfs/install/tex/generic/pgfplots/pgfplotsplothandle
rs.code.tex
(/home/sebastian/.miktex/texmfs/install/tex/generic/pgfplots/pgfplotsmeshplotha
ndler.code.tex
(/home/sebastian/.miktex/texmfs/install/tex/generic/pgfplots/pgfplotsmeshplotim
age.code.tex)))
(/home/sebastian/.miktex/texmfs/install/tex/generic/pgfplots/pgfplots.scaling.c
ode.tex)
(/home/sebastian/.miktex/texmfs/install/tex/generic/pgfplots/pgfplotscoordproce
ssing.code.tex)
(/home/sebastian/.miktex/texmfs/install/tex/generic/pgfplots/pgfplots.errorbars
.code.tex)
(/home/sebastian/.miktex/texmfs/install/tex/generic/pgfplots/pgfplots.markers.c
ode.tex)
(/home/sebastian/.miktex/texmfs/install/tex/generic/pgfplots/pgfplotsticks.code
.tex)
(/home/sebastian/.miktex/texmfs/install/tex/generic/pgfplots/pgfplots.paths.cod
e.tex)
(/home/sebastian/.miktex/texmfs/install/tex/generic/pgf/frontendlayer/tikz/libr
aries/tikzlibrarydecorations.code.tex
(/home/sebastian/.miktex/texmfs/install/tex/generic/pgf/modules/pgfmoduledecora
tions.code.tex
\pgfdecoratedcompleteddistance=\dimen319
\pgfdecoratedremainingdistance=\dimen320
\pgfdecoratedinputsegmentcompleteddistance=\dimen321
\pgfdecoratedinputsegmentremainingdistance=\dimen322
\pgf@decorate@distancetomove=\dimen323
\pgf@decorate@repeatstate=\count503
\pgfdecorationsegmentamplitude=\dimen324
\pgfdecorationsegmentlength=\dimen325
)
\tikz@lib@dec@box=\box80
)
(/home/sebastian/.miktex/texmfs/install/tex/generic/pgf/frontendlayer/tikz/libr
aries/tikzlibrarydecorations.pathmorphing.code.tex
(/home/sebastian/.miktex/texmfs/install/tex/generic/pgf/libraries/decorations/p
gflibrarydecorations.pathmorphing.code.tex))
(/home/sebastian/.miktex/texmfs/install/tex/generic/pgf/frontendlayer/tikz/libr
aries/tikzlibrarydecorations.pathreplacing.code.tex
(/home/sebastian/.miktex/texmfs/install/tex/generic/pgf/libraries/decorations/p
gflibrarydecorations.pathreplacing.code.tex))
(/home/sebastian/.miktex/texmfs/install/tex/generic/pgfplots/libs/tikzlibrarypg
fplots.contourlua.code.tex)
\pgfplots@numplots=\count504
\pgfplots@xmin@reg=\dimen326
\pgfplots@xmax@reg=\dimen327
\pgfplots@ymin@reg=\dimen328
\pgfplots@ymax@reg=\dimen329
\pgfplots@zmin@reg=\dimen330
\pgfplots@zmax@reg=\dimen331
)
(/home/sebastian/.miktex/texmfs/install/tex/generic/pgf/frontendlayer/tikz/libr
aries/tikzlibraryplotmarks.code.tex
File: tikzlibraryplotmarks.code.tex 2023-01-15 v3.1.10 (3.1.10)

(/home/sebastian/.miktex/texmfs/install/tex/generic/pgf/libraries/pgflibraryplo
tmarks.code.tex
File: pgflibraryplotmarks.code.tex 2023-01-15 v3.1.10 (3.1.10)
))) (/home/sebastian/.miktex/texmfs/install/tex/latex/physics/physics.sty
Package: physics 
) (/home/sebastian/.miktex/texmfs/install/tex/latex/contour/contour.sty
Package: contour 2004/11/18 v2.14 Print contoured text (HH, MH)
\con@length=\skip94
Loading configuration file `contour.cfg'.
(/home/sebastian/.miktex/texmfs/install/tex/latex/contour/contour.cfg
File: contour.cfg 2004/11/18 v2.14 Print contoured text (HH, MH)
)
contour: Using driver file `pdftex.cnt'.
(/home/sebastian/.miktex/texmfs/install/tex/latex/contour/pdftex.cnt
File: pdftex.cnt 2004/11/18 v2.14 Print contoured text (HH, MH)
))
(/home/sebastian/.miktex/texmfs/install/tex/generic/pgf/frontendlayer/tikz/libr
aries/tikzlibraryintersections.code.tex
(/home/sebastian/.miktex/texmfs/install/tex/generic/pgf/libraries/pgflibraryint
ersections.code.tex
\pgf@intersect@solutions=\count505
))
(/home/sebastian/.miktex/texmfs/install/tex/generic/pgf/frontendlayer/tikz/libr
aries/tikzlibrarydecorations.markings.code.tex
(/home/sebastian/.miktex/texmfs/install/tex/generic/pgf/libraries/decorations/p
gflibrarydecorations.markings.code.tex))
(/home/sebastian/.miktex/texmfs/install/tex/generic/pgf/frontendlayer/tikz/libr
aries/tikzlibraryangles.code.tex
File: tikzlibraryangles.code.tex 2023-01-15 v3.1.10 (3.1.10)
)
(/home/sebastian/.miktex/texmfs/install/tex/generic/pgf/frontendlayer/tikz/libr
aries/tikzlibraryquotes.code.tex
File: tikzlibraryquotes.code.tex 2023-01-15 v3.1.10 (3.1.10)
)
(/home/sebastian/.miktex/texmfs/install/tex/generic/pgf/frontendlayer/tikz/libr
aries/tikzlibrarycalc.code.tex
File: tikzlibrarycalc.code.tex 2023-01-15 v3.1.10 (3.1.10)
)
(/home/sebastian/.miktex/texmfs/install/tex/generic/pgf/frontendlayer/tikz/libr
aries/tikzlibrary3d.code.tex
File: tikzlibrary3d.code.tex 2023-01-15 v3.1.10 (3.1.10)
)
(/home/sebastian/.miktex/texmfs/install/tex/generic/pgf/frontendlayer/tikz/libr
aries/tikzlibrarypatterns.code.tex
File: tikzlibrarypatterns.code.tex 2023-01-15 v3.1.10 (3.1.10)

(/home/sebastian/.miktex/texmfs/install/tex/generic/pgf/libraries/pgflibrarypat
terns.code.tex
File: pgflibrarypatterns.code.tex 2023-01-15 v3.1.10 (3.1.10)
))
(/home/sebastian/.miktex/texmfs/install/tex/generic/pgf/frontendlayer/tikz/libr
aries/tikzlibraryspy.code.tex
File: tikzlibraryspy.code.tex 2023-01-15 v3.1.10 (3.1.10)
\tikz@lib@spybox=\box81
)
(/home/sebastian/.miktex/texmfs/install/tex/latex/pgf/frontendlayer/libraries/t
ikzlibraryexternal.code.tex
(/home/sebastian/.miktex/texmfs/install/tex/generic/pgf/frontendlayer/tikz/libr
aries/tikzexternalshared.code.tex))
No auxiliary output files.

\w@pgfexternal@auxout=\write5
Package TikZ externalization: calling \geometry{driver=none} during externaliza
tion.

Package hyperref Info: Option `colorlinks' set `false' on input line 104.
Package csquotes Info: Checking for multilingual support...
Package csquotes Info: ... found 'babel' package.
Package csquotes Info: Adjusting default style.
Package csquotes Info: Redefining alias 'default' -> 'spanish'.
No file figures/main-figure22.aux.
LaTeX Font Info:    Checking defaults for OML/cmm/m/it on input line 108.
LaTeX Font Info:    ... okay on input line 108.
LaTeX Font Info:    Checking defaults for OMS/cmsy/m/n on input line 108.
LaTeX Font Info:    ... okay on input line 108.
LaTeX Font Info:    Checking defaults for OT1/cmr/m/n on input line 108.
LaTeX Font Info:    ... okay on input line 108.
LaTeX Font Info:    Checking defaults for T1/cmr/m/n on input line 108.
LaTeX Font Info:    ... okay on input line 108.
LaTeX Font Info:    Checking defaults for TS1/cmr/m/n on input line 108.
LaTeX Font Info:    ... okay on input line 108.
LaTeX Font Info:    Checking defaults for OMX/cmex/m/n on input line 108.
LaTeX Font Info:    ... okay on input line 108.
LaTeX Font Info:    Checking defaults for U/cmr/m/n on input line 108.
LaTeX Font Info:    ... okay on input line 108.
LaTeX Font Info:    Checking defaults for PD1/pdf/m/n on input line 108.
LaTeX Font Info:    ... okay on input line 108.
LaTeX Font Info:    Checking defaults for PU/pdf/m/n on input line 108.
LaTeX Font Info:    ... okay on input line 108.
(/home/sebastian/.miktex/texmfs/install/tex/context/base/mkii/supp-pdf.mkii
[Loading MPS to PDF converter (version 2006.09.02).]
\scratchcounter=\count506
\scratchdimen=\dimen332
\scratchbox=\box82
\nofMPsegments=\count507
\nofMParguments=\count508
\everyMPshowfont=\toks64
\MPscratchCnt=\count509
\MPscratchDim=\dimen333
\MPnumerator=\count510
\makeMPintoPDFobject=\count511
\everyMPtoPDFconversion=\toks65
)
(/home/sebastian/.miktex/texmfs/install/tex/latex/epstopdf-pkg/epstopdf-base.st
y
Package: epstopdf-base 2020-01-24 v2.11 Base part for package epstopdf
(/home/sebastian/.miktex/texmfs/install/tex/latex/grfext/grfext.sty
Package: grfext 2019/12/03 v1.3 Manage graphics extensions (HO)
)
Package epstopdf-base Info: Redefining graphics rule for `.eps' on input line 4
85.
Package grfext Info: Graphics extension search list:
(grfext)             [.pdf,.png,.jpg,.mps,.jpeg,.jbig2,.jb2,.PDF,.PNG,.JPG,.JPE
G,.JBIG2,.JB2,.eps]
(grfext)             \AppendGraphicsExtensions on input line 504.
(/home/sebastian/.miktex/texmfs/install/tex/latex/00miktex/epstopdf-sys.cfg
File: epstopdf-sys.cfg 2021/03/18 v2.0 Configuration of epstopdf for MiKTeX
))
*geometry* detected driver: <none>
*geometry* verbose mode - [ preamble ] result:
* driver: \Gm@driver 
* paper: a4paper
* layout: <same size as paper>
* layoutoffset:(h,v)=(0.0pt,0.0pt)
* modes: twoside 
* h-part:(L,W,R)=(113.81102pt, 411.42686pt, 72.26999pt)
* v-part:(T,H,B)=(72.26999pt, 700.50687pt, 72.26999pt)
* \paperwidth=597.50787pt
* \paperheight=845.04684pt
* \textwidth=411.42686pt
* \textheight=700.50687pt
* \oddsidemargin=41.54103pt
* \evensidemargin=0.0pt
* \topmargin=-31.8738pt
* \headheight=12.0pt
* \headsep=19.8738pt
* \topskip=12.0pt
* \footskip=30.0pt
* \marginparwidth=98.0pt
* \marginparsep=7.0pt
* \columnsep=10.0pt
* \skip\footins=10.8pt plus 4.0pt minus 2.0pt
* \hoffset=0.0pt
* \voffset=0.0pt
* \mag=1000
* \@twocolumnfalse
* \@twosidetrue
* \@mparswitchtrue
* \@reversemarginfalse
* (1in=72.27pt=25.4mm, 1cm=28.453pt)

\c@lstlisting=\count512
LaTeX Info: Redefining \. on input line 108.
LaTeX Info: Redefining \% on input line 108.
Package biblatex Info: Trying to load language 'spanish'...
Package biblatex Info: ... file 'spanish.lbx' found.
(/home/sebastian/.miktex/texmfs/install/tex/latex/biblatex/lbx/spanish.lbx
File: spanish.lbx 2024/03/21 v3.20 biblatex localization (PK/MW)
)
Package biblatex Info: Input encoding 'utf8' detected.
Package biblatex Info: Automatic encoding selection.
(biblatex)             Assuming data encoding 'utf8'.
Package biblatex Info: Trying to load bibliographic data...
Package biblatex Info: ... file 'figures/main-figure22.bbl' not found.
No file figures/main-figure22.bbl.
Package biblatex Info: Reference section=0 on input line 108.
Package biblatex Info: Reference segment=0 on input line 108.
Package caption Info: Begin \AtBeginDocument code.
Package caption Info: hyperref package is loaded.
Package caption Info: longtable package is loaded.
(/home/sebastian/.miktex/texmfs/install/tex/latex/caption/ltcaption.sty
Package: ltcaption 2021/01/08 v1.4c longtable captions (AR)
)
Package caption Info: End \AtBeginDocument code.
\providecommand\hyper@newdestlabel[2]{}
Package hyperref Info: Link coloring OFF on input line 108.
\providecommand\BKM@entry[2]{}
Package pgfplots notification 'compat/show suggested version=true': document ha
s been generated with the most recent feature set (\pgfplotsset{compat=1.18}).

The command '\includegraphics [width=\linewidth ]{img/EscudoIPN.png}' has been 
optimized away. Use '/tikz/external/optimize=false' to disable this.

Overfull \hbox (51.47867pt too wide) in paragraph at lines 111--111
 \OT1/cmr/m/sc/12 \includegraphics 
 []


Overfull \hbox (4.35225pt too wide) in paragraph at lines 111--111
 \OT1/cmr/m/sc/12 optimized 
 []


Overfull \hbox (14.64552pt too wide) in paragraph at lines 111--111
 \OT1/cmr/m/sc/12 contribute 
 []


Overfull \hbox (2.59224pt too wide) in paragraph at lines 111--111
 \OT1/cmr/m/sc/12 exported 
 []

The command '\includegraphics [width=1.9\linewidth ]{img/EscudoESCOM.png}' has 
been optimized away. Use '/tikz/external/optimize=false' to disable this.
LaTeX Font Info:    Trying to load font information for U+msa on input line 111
.
(/home/sebastian/.miktex/texmfs/install/tex/latex/amsfonts/umsa.fd
File: umsa.fd 2013/01/14 v3.01 AMS symbols A
)
LaTeX Font Info:    Trying to load font information for U+msb on input line 111
.
(/home/sebastian/.miktex/texmfs/install/tex/latex/amsfonts/umsb.fd
File: umsb.fd 2013/01/14 v3.01 AMS symbols B
)

LaTeX Font Warning: Font shape `OT1/cmr/m/n' in size <22> not available
(Font)              size <20.74> substituted on input line 111.


LaTeX Font Warning: Font shape `OT1/cmr/m/sc' in size <22> not available
(Font)              size <20.74> substituted on input line 111.


LaTeX Font Warning: Font shape `OT1/cmr/m/n' in size <16> not available
(Font)              size <17.28> substituted on input line 111.


LaTeX Font Warning: Font shape `OT1/cmr/m/sc' in size <16> not available
(Font)              size <17.28> substituted on input line 111.


LaTeX Font Warning: Font shape `OT1/cmr/bx/n' in size <16> not available
(Font)              size <17.28> substituted on input line 111.

(frontmatter/technical_document/technical_document.tex
Underfull \hbox (badness 1184) in paragraph at lines 15--16
[]\OT1/cmr/m/n/12 La aplicaci^^Son pretende ser de utilidad como herramienta de
 apoyo para
 []

)
Underfull \hbox (badness 10000) in paragraph at lines 23--119

 []

LaTeX Info: Redefining \. on input line 119.
LaTeX Info: Redefining \% on input line 119.
No file figures/main-figure22.toc.
No file figures/main-figure22.lof.
No file figures/main-figure22.lot.
LaTeX Info: Redefining \. on input line 125.
LaTeX Info: Redefining \% on input line 125.
\providecommand\hyper@newdestlabel[2]{}
(chapters/chapter01/chapter01.tex
Cap\'{\i }tulo 1.

LaTeX Font Warning: Font shape `OT1/cmr/bx/sc' undefined
(Font)              using `OT1/cmr/bx/n' instead on input line 1.


LaTeX Warning: Citation 'almira2017fourier' on page 1 undefined on input line 8
.


Underfull \hbox (badness 1028) in paragraph at lines 12--13
\OT1/cmr/m/n/12 r^^Sapidas y fiables, las series de Fourier requer^^S^^Pan un p
roceso mucho m^^Sas
 []


Underfull \hbox (badness 1558) in paragraph at lines 15--19
\OT1/cmr/m/n/12 importantes oportunidades de mejora. Las herramientas actuales,
 aunque
 []


Underfull \hbox (badness 10000) in paragraph at lines 15--19

 []


Underfull \hbox (badness 10000) in paragraph at lines 15--19

 []


Underfull \hbox (badness 10000) in paragraph at lines 15--19

 []

LaTeX Info: Redefining \. on input line 19.
LaTeX Info: Redefining \% on input line 19.

Underfull \hbox (badness 10000) in paragraph at lines 21--23

 []


Underfull \hbox (badness 3098) in paragraph at lines 27--28
\OT1/cmr/m/n/12 en un intervalo o para \OT1/cmr/bx/n/12 funciones definidas a t
rozos\OT1/cmr/m/n/12 . El
 []


Underfull \hbox (badness 1845) in paragraph at lines 27--28
\OT1/cmr/m/n/12 discontinuidades o que est^^Sen definidas por partes en distint
os
 []


Underfull \hbox (badness 1331) in paragraph at lines 38--39
[]\OT1/cmr/bx/n/12 Serie completa \OT1/cmr/m/n/12 para funciones peri^^Sodicas 
en un intervalo
 []

LaTeX Info: Redefining \. on input line 39.
LaTeX Info: Redefining \% on input line 39.

Underfull \hbox (badness 1043) in paragraph at lines 51--52
\OT1/cmr/m/n/12 el usuario podr^^Sa ingresar las funciones, definir los interva
los y
 []


Underfull \hbox (badness 2012) in paragraph at lines 51--52
\OT1/cmr/m/n/12 a usuarios sin experiencia en programaci^^Son obtener resultado
s
 []

)
LaTeX Info: Redefining \. on input line 126.
LaTeX Info: Redefining \% on input line 126.
LaTeX Info: Redefining \. on input line 126.
LaTeX Info: Redefining \% on input line 126.
\providecommand\hyper@newdestlabel[2]{}
(chapters/chapter02/chapter02.tex
Cap\'{\i }tulo 2.

Overfull \hbox (5.95143pt too wide) in paragraph at lines 9--9
[]|[]\OT1/cmr/bx/n/12 SOFTWARE[]| 
 []


Overfull \hbox (5.95143pt too wide) in paragraph at lines 13--13
[]|[]\OT1/cmr/bx/n/12 SOFTWARE[]| 
 []


Underfull \hbox (badness 10000) in paragraph at lines 19--19
[]|\OT1/cmr/m/n/12 Wolfram
 []


LaTeX Warning: Citation 'wolfram2024' on page 6 undefined on input line 19.


Underfull \hbox (badness 4229) in paragraph at lines 19--19
[]|\OT1/cmr/m/n/12 Se trata de un potente motor
 []


Underfull \hbox (badness 10000) in paragraph at lines 19--19
\OT1/cmr/m/n/12 comercial de conocimiento
 []


Underfull \hbox (badness 10000) in paragraph at lines 19--19
\OT1/cmr/m/n/12 computacional para c^^Salculos
 []


Underfull \hbox (badness 1681) in paragraph at lines 19--19
\OT1/cmr/m/n/12 matem^^Saticos y gr^^Saficos. Contiene
 []


Underfull \hbox (badness 4366) in paragraph at lines 19--19
\OT1/cmr/m/n/12 (Trigonom^^Setrica y compleja) as^^S^^P
 []


Underfull \hbox (badness 10000) in paragraph at lines 19--19
\OT1/cmr/m/n/12 como las extensiones pares e
 []


Underfull \hbox (badness 4846) in paragraph at lines 19--19
\OT1/cmr/m/n/12 la serie y obtener una gr^^Safica
 []


Underfull \hbox (badness 10000) in paragraph at lines 19--19
\OT1/cmr/m/n/12 anuales para
 []


Underfull \hbox (badness 10000) in paragraph at lines 19--19
\OT1/cmr/m/n/12 estudiantes, plan
 []


LaTeX Warning: Citation 'GeoGebra2024' on page 6 undefined on input line 20.


Underfull \hbox (badness 10000) in paragraph at lines 20--20
[]|\OT1/cmr/m/n/12 Herramienta din^^Samica para
 []


Underfull \hbox (badness 10000) in paragraph at lines 20--20
\OT1/cmr/m/n/12 construcciones geom^^Setricas y
 []


Underfull \hbox (badness 4752) in paragraph at lines 20--20
\OT1/cmr/m/n/12 serie o extensi^^Son trigonom^^Setrica
 []


Underfull \hbox (badness 7869) in paragraph at lines 20--20
\OT1/cmr/m/n/12 y poder ver como cambia la
 []


Underfull \hbox (badness 10000) in paragraph at lines 20--20
\OT1/cmr/m/n/12 serie conforme a~nadimos m^^Sas
 []


LaTeX Warning: Citation 'Desmos2024' on page 6 undefined on input line 21.


Underfull \hbox (badness 10000) in paragraph at lines 21--21
[]|\OT1/cmr/m/n/12 Similar a Geogebra es una
 []


Underfull \hbox (badness 1308) in paragraph at lines 21--21
\OT1/cmr/m/n/12 calculadora gr^^Safica en l^^S^^Pnea para
 []


Underfull \hbox (badness 1502) in paragraph at lines 21--21
\OT1/cmr/m/n/12 modo podemos graficar cualquier
 []


Underfull \hbox (badness 4752) in paragraph at lines 21--21
\OT1/cmr/m/n/12 serie o extensi^^Son trigonom^^Setrica
 []


LaTeX Warning: Citation 'Manim2024' on page 6 undefined on input line 22.


Underfull \hbox (badness 2486) in paragraph at lines 22--22
\OT1/cmr/m/n/12 para visualizaciones matem^^Saticas,
 []


Underfull \hbox (badness 10000) in paragraph at lines 22--22
\OT1/cmr/m/n/12 serie ya sea trigonom^^Setrica o
 []


Underfull \hbox (badness 10000) in paragraph at lines 22--22
\OT1/cmr/m/n/12 exponencial y poder animar
 []


Underfull \hbox (badness 10000) in paragraph at lines 22--22
\OT1/cmr/m/n/12 de infinitas maneras el como
 []


Underfull \hbox (badness 8094) in paragraph at lines 22--22
\OT1/cmr/m/n/12 se aproxima la serie con sus
 []


Underfull \hbox (badness 10000) in paragraph at lines 22--22
\OT1/cmr/m/n/12 coeficientes. Requiere hacer los
 []


Underfull \hbox (badness 3872) in paragraph at lines 22--22
\OT1/cmr/m/n/12 c^^Salculos, armar la expresi^^Son de
 []


Underfull \hbox (badness 10000) in paragraph at lines 22--22
\OT1/cmr/m/n/12 Python, programaci^^Son orientada
 []


LaTeX Warning: Citation 'Matplotlib-sympy2024' on page 6 undefined on input lin
e 23.


Underfull \hbox (badness 10000) in paragraph at lines 23--23
[]|\OT1/cmr/m/n/12 Es una biblioteca de Python
 []


Underfull \hbox (badness 10000) in paragraph at lines 23--23
\OT1/cmr/m/n/12 para realizar matem^^Saticas
 []


Underfull \hbox (badness 1735) in paragraph at lines 23--23
\OT1/cmr/m/n/12 de series de Fourier. A menudo
 []


Underfull \hbox (badness 10000) in paragraph at lines 23--23
\OT1/cmr/m/n/12 se usa en combinaci^^Son con
 []


Underfull \hbox (badness 10000) in paragraph at lines 23--23
\OT1/cmr/m/n/12 librer^^S^^Pas de visualizaci^^Son como
 []


Underfull \hbox (badness 10000) in paragraph at lines 23--23
\OT1/cmr/m/n/12 Matplotlib para representar
 []


Underfull \hbox (badness 2409) in paragraph at lines 23--23
\OT1/cmr/m/n/12 gr^^Saficamente los resultados, pero
 []


Underfull \hbox (badness 10000) in paragraph at lines 23--23
\OT1/cmr/m/n/12 de nuevo, esta combinaci^^Son
 []


Underfull \hbox (badness 10000) in paragraph at lines 23--23
\OT1/cmr/m/n/12 requiere conocimientos de
 []


Overfull \hbox (29.62433pt too wide) in paragraph at lines 23--23
\OT1/cmr/m/n/12 programaci^^Son. [[]]| 
 []


LaTeX Warning: Citation 'MathWorks2024' on page 6 undefined on input line 24.


Underfull \hbox (badness 2573) in paragraph at lines 24--24
[]|\OT1/cmr/m/n/12 Es un entorno de programaci^^Son
 []


Underfull \hbox (badness 10000) in paragraph at lines 24--24
\OT1/cmr/m/n/12 y visualizaci^^Son de datos, con
 []


Underfull \hbox (badness 10000) in paragraph at lines 24--24
\OT1/cmr/m/n/12 herramientas espec^^S^^Pficas para
 []


Underfull \hbox (badness 10000) in paragraph at lines 24--24
\OT1/cmr/m/n/12 series de Fourier, adem^^Sas de
 []


Underfull \hbox (badness 10000) in paragraph at lines 24--24
\OT1/cmr/m/n/12 tener funciones para poder
 []


Underfull \hbox (badness 10000) in paragraph at lines 24--24
[]|\OT1/cmr/m/n/12 Desde USD\TS1/cmr/m/n/12 $\OT1/cmr/m/n/12 99
 []


Underfull \hbox (badness 10000) in paragraph at lines 24--24
\OT1/cmr/m/n/12 (aprox.
 []


Underfull \hbox (badness 10000) in paragraph at lines 24--24
\OT1/cmr/m/n/12 MXN\TS1/cmr/m/n/12 $\OT1/cmr/m/n/12 1627.82)
 []


Underfull \hbox (badness 10000) in paragraph at lines 24--24
\OT1/cmr/m/n/12 anuales para
 []

LaTeX Info: Redefining \. on input line 26.
LaTeX Info: Redefining \% on input line 26.

Underfull \hbox (badness 10000) in paragraph at lines 29--29
|[]\OT1/cmr/bx/n/14.4 Comparativa del Funcionamiento de las
 []


Underfull \hbox (badness 10000) in paragraph at lines 31--32

 []


Underfull \hbox (badness 10000) in paragraph at lines 33--34

 []


LaTeX Warning: Hyper reference `app:Estado-del-arte-coeff' on page 8 undefined 
on input line 36.

LaTeX Info: Redefining \. on input line 41.
LaTeX Info: Redefining \% on input line 41.
A tikzpicture has been optimized away. Use '/tikz/external/optimize=false' to d
isable this.

LaTeX Warning: Hyper reference `app:Estado-del-arte-coeff' on page 9 undefined 
on input line 99.


LaTeX Warning: Hyper reference `app:Estado-del-arte-coeff' on page 9 undefined 
on input line 99.


LaTeX Warning: Hyper reference `fig:fourier-estado-del-arte' on page 9 undefine
d on input line 105.

The command '\includegraphics [width=0.9\textwidth ]{img/chapter02/wolfram_trig
_series.png}' has been optimized away. Use '/tikz/external/optimize=false' to d
isable this.

Underfull \hbox (badness 2653) in paragraph at lines 108--115
[]\OT1/cmr/m/n/12 WolframAlpha nos permite calcular series de Fourier trigonom^
^Setricas y
 []

The command '\includegraphics [width=0.9\textwidth ]{img/chapter02/wolfram_comp
lex_series.png}' has been optimized away. Use '/tikz/external/optimize=false' t
o disable this.
LaTeX Info: Redefining \. on input line 124.
LaTeX Info: Redefining \% on input line 124.
)
LaTeX Info: Redefining \. on input line 127.
LaTeX Info: Redefining \% on input line 127.
\providecommand\hyper@newdestlabel[2]{}
(chapters/chapter03/chapter03.tex
Cap\'{\i }tulo 3.

LaTeX Warning: Citation 'historia-alambert-fourier-euler' on page 11 undefined 
on input line 7.


LaTeX Warning: Citation 'historia-alambert-fourier-euler' on page 11 undefined 
on input line 13.


LaTeX Warning: Citation 'unal_52162' on page 12 undefined on input line 16.


LaTeX Warning: Reference `fig:cuerda-vibrante' on page 12 undefined on input li
ne 41.

A tikzpicture has been optimized away. Use '/tikz/external/optimize=false' to d
isable this.

LaTeX Warning: Citation 'demostracion-onda' on page 12 undefined on input line 
76.


LaTeX Warning: Reference `eq2' on page 12 undefined on input line 82.


LaTeX Warning: Citation 'demostracion-onda' on page 12 undefined on input line 
82.

LaTeX Info: Redefining \. on input line 86.
LaTeX Info: Redefining \% on input line 86.

Underfull \hbox (badness 10000) in paragraph at lines 88--89

 []


LaTeX Warning: Reference `fig:cuerda-vibrante' on page 13 undefined on input li
ne 91.


LaTeX Warning: Reference `eq1' on page 13 undefined on input line 92.


LaTeX Warning: Citation 'demostracion-onda' on page 13 undefined on input line 
97.


LaTeX Warning: Citation 'demostracion-onda' on page 13 undefined on input line 
103.


LaTeX Warning: Citation 'bernoulli_Mechanics' on page 13 undefined on input lin
e 117.


Underfull \hbox (badness 1708) in paragraph at lines 117--118
[]\OT1/cmr/m/n/12 Las funciones $\OML/cmm/m/it/12 w$ \OT1/cmr/m/n/12 y $\OML/cm
m/m/it/12 v$ \OT1/cmr/m/n/12 pod^^S^^Pan ser arbitrarias (en el sentido que pod
^^S^^Pan
 []


Underfull \hbox (badness 2103) in paragraph at lines 117--118
\OT1/cmr/m/n/12 representar cualquier curva que pudiera \dibujarse a mano") e i
nclu^^S^^Pa,
 []


LaTeX Warning: Reference `eq1' on page 13 undefined on input line 120.


LaTeX Warning: Citation 'bernoulli_Mechanics' on page 13 undefined on input lin
e 120.


LaTeX Warning: Reference `eq1' on page 13 undefined on input line 120.


LaTeX Warning: Citation 'springer1999Physics' on page 13 undefined on input lin
e 120.


Underfull \hbox (badness 1460) in paragraph at lines 120--121
[]\OT1/cmr/m/n/12 Otra manera de obtener la soluci^^Son del problema [], distin
ta a la de
 []

LaTeX Info: Redefining \. on input line 122.
LaTeX Info: Redefining \% on input line 122.

LaTeX Warning: Reference `fig:armonicos_cuerda' on page 14 undefined on input l
ine 126.


Underfull \hbox (badness 1314) in paragraph at lines 126--127
\OT1/cmr/m/n/12 de una cuerda puede obtenerse superponiendo modos vibratorios s
imples
 []

A tikzpicture has been optimized away. Use '/tikz/external/optimize=false' to d
isable this.

Underfull \hbox (badness 10000) in paragraph at lines 224--225

 []


LaTeX Warning: Citation 'springer1999Physics' on page 14 undefined on input lin
e 227.


LaTeX Warning: Citation 'springer1999Physics' on page 14 undefined on input lin
e 228.

LaTeX Info: Redefining \. on input line 229.
LaTeX Info: Redefining \% on input line 229.

LaTeX Warning: Citation 'almira2017fourier' on page 15 undefined on input line 
232.

LaTeX Info: Redefining \. on input line 254.
LaTeX Info: Redefining \% on input line 254.
A tikzpicture has been optimized away. Use '/tikz/external/optimize=false' to d
isable this.

LaTeX Warning: Reference `eq12' on page 16 undefined on input line 294.


LaTeX Warning: Citation 'demostracion-calor' on page 16 undefined on input line
 303.


LaTeX Warning: Citation 'demostracion-calor-feldman' on page 16 undefined on in
put line 311.


LaTeX Warning: Reference `eq13' on page 16 undefined on input line 311.


LaTeX Warning: Reference `eq15' on page 16 undefined on input line 311.


LaTeX Warning: Reference `eq15' on page 16 undefined on input line 311.


Underfull \hbox (badness 10000) in paragraph at lines 311--312
[]\OT1/cmr/m/n/12 Utilizando el m^^Setodo de separaci^^Son de variables
 []


LaTeX Warning: Reference `eq16' on page 16 undefined on input line 319.

LaTeX Info: Redefining \. on input line 320.
LaTeX Info: Redefining \% on input line 320.

LaTeX Warning: Reference `eq16' on page 17 undefined on input line 321.


LaTeX Warning: Reference `eq16' on page 17 undefined on input line 321.


LaTeX Warning: Reference `eq9' on page 17 undefined on input line 330.


LaTeX Warning: Reference `eq1' on page 17 undefined on input line 330.


LaTeX Warning: Reference `eq12' on page 17 undefined on input line 330.


LaTeX Warning: Reference `eq18' on page 17 undefined on input line 338.


LaTeX Warning: Reference `eq17' on page 17 undefined on input line 338.


Underfull \hbox (badness 10000) in paragraph at lines 338--339

 []


LaTeX Warning: Citation 'historia-alambert-fourier-euler' on page 17 undefined 
on input line 340.


LaTeX Warning: Citation 'historia-alambert-fourier-euler' on page 17 undefined 
on input line 342.


LaTeX Warning: Citation 'historia-alambert-fourier-euler' on page 17 undefined 
on input line 344.


Underfull \hbox (badness 10000) in paragraph at lines 347--348

 []

LaTeX Info: Redefining \. on input line 348.
LaTeX Info: Redefining \% on input line 348.

LaTeX Warning: Citation 'fourierTolstov' on page 18 undefined on input line 358
.


LaTeX Warning: Citation 'fourierTolstov' on page 18 undefined on input line 360
.


LaTeX Warning: Reference `fig:funcion-periodica' on page 18 undefined on input 
line 362.

A tikzpicture has been optimized away. Use '/tikz/external/optimize=false' to d
isable this.

LaTeX Warning: Citation 'fourierHsu' on page 18 undefined on input line 400.


LaTeX Warning: Reference `eq19' on page 18 undefined on input line 406.


LaTeX Warning: Citation 'fourierHsu' on page 18 undefined on input line 406.


LaTeX Warning: Reference `eq19' on page 18 undefined on input line 406.


LaTeX Warning: Citation 'fourierCinvestav' on page 18 undefined on input line 4
06.


Underfull \hbox (badness 10000) in paragraph at lines 405--407

 []

LaTeX Info: Redefining \. on input line 411.
LaTeX Info: Redefining \% on input line 411.

LaTeX Warning: Citation 'fourierTolstov' on page 19 undefined on input line 418
.


LaTeX Warning: Reference `fig:area-periodica' on page 19 undefined on input lin
e 418.

A tikzpicture has been optimized away. Use '/tikz/external/optimize=false' to d
isable this.

LaTeX Warning: Citation 'fourierTolstov' on page 19 undefined on input line 473
.


Underfull \hbox (badness 10000) in paragraph at lines 473--474

 []


LaTeX Warning: Reference `fig:sen-cos' on page 19 undefined on input line 475.


LaTeX Warning: Reference `eq19' on page 19 undefined on input line 475.


LaTeX Warning: Citation 'fourierCinvestav' on page 19 undefined on input line 4
75.

A tikzpicture has been optimized away. Use '/tikz/external/optimize=false' to d
isable this.

Underfull \hbox (badness 4266) in paragraph at lines 479--506
[] \OT1/cmr/m/n/12 [ \OT1/cmr/m/sc/12 tikzpicture optimized away
 []

A tikzpicture has been optimized away. Use '/tikz/external/optimize=false' to d
isable this.

Underfull \hbox (badness 4266) in paragraph at lines 509--536
[] \OT1/cmr/m/n/12 [ \OT1/cmr/m/sc/12 tikzpicture optimized away
 []


Overfull \hbox (8.0676pt too wide) in paragraph at lines 478--537
[]$[]$   $[]$ 
 []


LaTeX Warning: Citation 'fourierCinvestav' on page 19 undefined on input line 5
46.


LaTeX Warning: Reference `fig:seno-diferentes-frecuencias' on page 19 undefined
 on input line 546.

A tikzpicture has been optimized away. Use '/tikz/external/optimize=false' to d
isable this.
LaTeX Info: Redefining \. on input line 593.
LaTeX Info: Redefining \% on input line 593.

LaTeX Warning: Citation 'fourierCinvestav' on page 20 undefined on input line 5
94.


LaTeX Warning: Reference `fig:frecuencia-func-circ' on page 20 undefined on inp
ut line 600.


LaTeX Warning: Citation 'fourierCinvestav' on page 20 undefined on input line 6
00.

A tikzpicture has been optimized away. Use '/tikz/external/optimize=false' to d
isable this.

Underfull \hbox (badness 4266) in paragraph at lines 603--628
[] \OT1/cmr/m/n/12 [ \OT1/cmr/m/sc/12 tikzpicture optimized away
 []

A tikzpicture has been optimized away. Use '/tikz/external/optimize=false' to d
isable this.

Overfull \hbox (43.54898pt too wide) in paragraph at lines 651--652
[][] 
 []


Overfull \hbox (33.6749pt too wide) in paragraph at lines 602--653
[]$[]$   $[]$ 
 []


LaTeX Warning: Reference `fig:fase-coseno' on page 20 undefined on input line 6
66.


LaTeX Warning: Citation 'armonicosOpenStax' on page 20 undefined on input line 
666.

A tikzpicture has been optimized away. Use '/tikz/external/optimize=false' to d
isable this.

Underfull \hbox (badness 4266) in paragraph at lines 670--694
[] \OT1/cmr/m/n/12 [ \OT1/cmr/m/sc/12 tikzpicture optimized away
 []

A tikzpicture has been optimized away. Use '/tikz/external/optimize=false' to d
isable this.

Underfull \hbox (badness 4266) in paragraph at lines 697--723
[] \OT1/cmr/m/n/12 [ \OT1/cmr/m/sc/12 tikzpicture optimized away
 []


Overfull \hbox (12.33533pt too wide) in paragraph at lines 669--724
[]$[]$   $[]$ 
 []


LaTeX Warning: Citation 'matesAvanzadasZill' on page 20 undefined on input line
 729.

LaTeX Info: Redefining \. on input line 733.
LaTeX Info: Redefining \% on input line 733.

LaTeX Warning: Reference `fig:funcion-par' on page 21 undefined on input line 7
35.


LaTeX Warning: Reference `eq24' on page 21 undefined on input line 735.

A tikzpicture has been optimized away. Use '/tikz/external/optimize=false' to d
isable this.

LaTeX Warning: Citation 'matesAvanzadasZill' on page 21 undefined on input line
 775.


Underfull \hbox (badness 10000) in paragraph at lines 775--777
[]\OT1/cmr/m/n/12 Ahora, decimos que una funci^^Son es impar si se cumple que:
 []


LaTeX Warning: Reference `fig:funcion-impar' on page 21 undefined on input line
 781.


LaTeX Warning: Reference `eq25' on page 21 undefined on input line 781.

A tikzpicture has been optimized away. Use '/tikz/external/optimize=false' to d
isable this.

LaTeX Warning: Citation 'matesAvanzadasZill' on page 21 undefined on input line
 824.


LaTeX Warning: Reference `fig:areas-par-impar' on page 21 undefined on input li
ne 834.

A tikzpicture has been optimized away. Use '/tikz/external/optimize=false' to d
isable this.

Underfull \hbox (badness 4266) in paragraph at lines 837--885
[] \OT1/cmr/m/n/12 [ \OT1/cmr/m/sc/12 tikzpicture optimized away
 []

A tikzpicture has been optimized away. Use '/tikz/external/optimize=false' to d
isable this.

Underfull \hbox (badness 4266) in paragraph at lines 888--935
[] \OT1/cmr/m/n/12 [ \OT1/cmr/m/sc/12 tikzpicture optimized away
 []


Overfull \hbox (12.33533pt too wide) in paragraph at lines 836--936
[]$[]$   $[]$ 
 []

LaTeX Info: Redefining \. on input line 939.
LaTeX Info: Redefining \% on input line 939.

LaTeX Warning: Reference `fig:smooth-func' on page 22 undefined on input line 9
42.


LaTeX Warning: Citation 'fourierTolstov' on page 22 undefined on input line 942
.

A tikzpicture has been optimized away. Use '/tikz/external/optimize=false' to d
isable this.

LaTeX Warning: Reference `fig:funcion-suave-trozos' on page 22 undefined on inp
ut line 981.


LaTeX Warning: Citation 'fourierTolstov' on page 22 undefined on input line 981
.

A tikzpicture has been optimized away. Use '/tikz/external/optimize=false' to d
isable this.

Underfull \hbox (badness 4266) in paragraph at lines 985--1018
[] \OT1/cmr/m/n/12 [ \OT1/cmr/m/sc/12 tikzpicture optimized away
 []

A tikzpicture has been optimized away. Use '/tikz/external/optimize=false' to d
isable this.

Underfull \hbox (badness 4266) in paragraph at lines 1021--1061
[] \OT1/cmr/m/n/12 [ \OT1/cmr/m/sc/12 tikzpicture optimized away
 []


Overfull \hbox (12.33533pt too wide) in paragraph at lines 984--1062
[]$[]$   $[]$ 
 []


LaTeX Warning: Citation 'fourierTolstov' on page 22 undefined on input line 106
5.

LaTeX Info: Redefining \. on input line 1070.
LaTeX Info: Redefining \% on input line 1070.

LaTeX Warning: Citation 'matesAvanzadasZill' on page 23 undefined on input line
 1071.


Underfull \hbox (badness 1297) in paragraph at lines 1071--1072
[]\OT1/cmr/m/n/12 Como ya vimos anteriormente, las series de Fourier, fueron in
troducidas
 []


Underfull \hbox (badness 10000) in paragraph at lines 1071--1072
\OT1/cmr/m/n/12 como $\OMS/cmsy/m/n/12 f\OT1/cmr/m/n/12 1\OML/cmm/m/it/12 ; [] 
![]t; [] \OT1/cmr/m/n/12 2\OML/cmm/m/it/12 ![]t; [] ; [] n![]t; [] ; [] ![]t; [
] \OT1/cmr/m/n/12 2\OML/cmm/m/it/12 ![]t; [] ; [] n![]t; [] \OMS/cmsy/m/n/12 g$

 []


LaTeX Warning: Reference `fig:func-periodica' on page 23 undefined on input lin
e 1078.


LaTeX Warning: Citation 'fourierHsu' on page 23 undefined on input line 1085.


LaTeX Warning: Reference `eq28' on page 23 undefined on input line 1091.


LaTeX Warning: Citation 'fourierHsu' on page 23 undefined on input line 1091.


Overfull \hbox (12.10497pt too wide) detected at line 1095
[][][]\OML/cmm/m/it/12 a[] \OT1/cmr/m/n/12 = [] [][] \OML/cmm/m/it/12 f\OT1/cmr
/m/n/12 (\OML/cmm/m/it/12 t\OT1/cmr/m/n/12 ) \OML/cmm/m/it/12 dt;  a[] \OT1/cmr
/m/n/12 = [] [][] \OML/cmm/m/it/12 f\OT1/cmr/m/n/12 (\OML/cmm/m/it/12 t\OT1/cmr
/m/n/12 ) [][][] \OML/cmm/m/it/12 dt;  b[] \OT1/cmr/m/n/12 = [] [][] \OML/cmm/m
/it/12 f\OT1/cmr/m/n/12 (\OML/cmm/m/it/12 t\OT1/cmr/m/n/12 ) [][][] \OML/cmm/m/
it/12 dt
 []


LaTeX Warning: Reference `eq27' on page 23 undefined on input line 1097.


LaTeX Warning: Reference `eq27' on page 23 undefined on input line 1098.


LaTeX Warning: Citation 'matesAvanzadasZill' on page 23 undefined on input line
 1098.


Underfull \hbox (badness 1881) in paragraph at lines 1097--1099
[]\OT1/cmr/m/n/12 La ecuaci^^Son [] describe c^^Somo una funci^^Son peri^^Sodic
a arbitraria puede
 []

LaTeX Info: Redefining \. on input line 1101.
LaTeX Info: Redefining \% on input line 1101.

LaTeX Warning: Citation 'matesAvanzadasZill' on page 24 undefined on input line
 1103.

A tikzpicture has been optimized away. Use '/tikz/external/optimize=false' to d
isable this.

LaTeX Warning: Reference `eq28' on page 24 undefined on input line 1144.


LaTeX Warning: Citation 'matesAvanzadasZill' on page 24 undefined on input line
 1149.


Underfull \hbox (badness 2310) in paragraph at lines 1148--1150
\OT1/cmr/m/n/12 obtenemos una funci^^Son impar  [[]], como ya vimos
 []


Underfull \hbox (badness 10000) in paragraph at lines 1152--1154

 []


LaTeX Warning: Citation 'matesAvanzadasZill' on page 24 undefined on input line
 1161.


Underfull \hbox (badness 1137) in paragraph at lines 1161--1162
\OT1/cmr/m/n/12 de una funci^^Son impar con una funci^^Son par produce una func
i^^Son impar.
 []

LaTeX Info: Redefining \. on input line 1167.
LaTeX Info: Redefining \% on input line 1167.

Underfull \hbox (badness 10000) in paragraph at lines 1177--1178

 []


LaTeX Warning: Reference `eq28' on page 25 undefined on input line 1191.


LaTeX Warning: Citation 'fourierCruzFierro' on page 25 undefined on input line 
1195.


LaTeX Warning: Reference `fig:serie-de-cosenos' on page 25 undefined on input l
ine 1198.

A tikzpicture has been optimized away. Use '/tikz/external/optimize=false' to d
isable this.
LaTeX Info: Redefining \. on input line 1233.
LaTeX Info: Redefining \% on input line 1233.

LaTeX Warning: Reference `eq30' on page 26 undefined on input line 1233.


LaTeX Warning: Citation 'fourierCruzFierro' on page 26 undefined on input line 
1239.


Underfull \hbox (badness 10000) in paragraph at lines 1239--1240
[]\OT1/cmr/m/n/12 Pero los coeficientes se ver^^San afectados de la siguiente f
orma:
 []


LaTeX Warning: Reference `fig:serie-de-senos' on page 26 undefined on input lin
e 1245.

\openout5 = `figures/main-figure22.dpth'.

[26

\providecommand \oddpage@label [2]{}
{/home/sebastian/.miktex/texmfs/data/fonts/map/pdftex/pdftex.map}]

LaTeX Warning: Reference `eq31' on page 26 undefined on input line 1286.


LaTeX Warning: Citation 'fourierCruzFierro' on page 26 undefined on input line 
1292.


LaTeX Warning: Reference `fig:extencion-periodica' on page 26 undefined on inpu
t line 1299.

A tikzpicture has been optimized away. Use '/tikz/external/optimize=false' to d
isable this.

LaTeX Warning: Citation 'fourierCruzFierro' on page 26 undefined on input line 
1341.

LaTeX Info: Redefining \. on input line 1342.
LaTeX Info: Redefining \% on input line 1342.

Overfull \hbox (10.68004pt too wide) detected at line 1349
[][][]\OML/cmm/m/it/12 a[] \OT1/cmr/m/n/12 = [] [][] \OML/cmm/m/it/12 f\OT1/cmr
/m/n/12 (\OML/cmm/m/it/12 t\OT1/cmr/m/n/12 ) \OML/cmm/m/it/12 dt;  a[] \OT1/cmr
/m/n/12 = [] [][] \OML/cmm/m/it/12 f\OT1/cmr/m/n/12 (\OML/cmm/m/it/12 t\OT1/cmr
/m/n/12 ) [][][] \OML/cmm/m/it/12 dt;  b[] \OT1/cmr/m/n/12 = [] [][] \OML/cmm/m
/it/12 f\OT1/cmr/m/n/12 (\OML/cmm/m/it/12 t\OT1/cmr/m/n/12 ) [][][] \OML/cmm/m/
it/12 dt
 []


LaTeX Warning: Reference `eq27' on page 27 undefined on input line 1352.


LaTeX Warning: Citation 'youtubeComplexFourier' on page 27 undefined on input l
ine 1352.


LaTeX Warning: Reference `eq38' on page 27 undefined on input line 1357.


LaTeX Warning: Reference `eq38' on page 27 undefined on input line 1357.


LaTeX Warning: Reference `eq27' on page 27 undefined on input line 1368.

LaTeX Info: Redefining \. on input line 1390.
LaTeX Info: Redefining \% on input line 1390.

LaTeX Warning: Reference `eq39' on page 28 undefined on input line 1391.


LaTeX Warning: Reference `eq40' on page 28 undefined on input line 1391.


LaTeX Warning: Reference `eq41' on page 28 undefined on input line 1391.


LaTeX Warning: Reference `eq42' on page 28 undefined on input line 1391.


LaTeX Warning: Citation 'matesAvanzadasZill' on page 28 undefined on input line
 1391.


LaTeX Warning: Reference `fig:func-periodica' on page 28 undefined on input lin
e 1395.


LaTeX Warning: Citation 'fourierHsu' on page 28 undefined on input line 1395.


Underfull \hbox (badness 10000) in paragraph at lines 1407--1408

 []


LaTeX Warning: Reference `fig:func-periodica' on page 28 undefined on input lin
e 1409.


LaTeX Warning: Reference `fig:extencion-periodica' on page 28 undefined on inpu
t line 1416.


LaTeX Warning: Reference `eq45' on page 28 undefined on input line 1416.


LaTeX Warning: Citation 'fourierCinvestav' on page 28 undefined on input line 1
416.

LaTeX Info: Redefining \. on input line 1418.
LaTeX Info: Redefining \% on input line 1418.

LaTeX Warning: Reference `fig:gibbs' on page 29 undefined on input line 1423.


LaTeX Warning: Citation 'fourierCarrillo' on page 29 undefined on input line 14
23.

A tikzpicture has been optimized away. Use '/tikz/external/optimize=false' to d
isable this.

LaTeX Warning: Citation 'apliacionWebAmazon' on page 29 undefined on input line
 1481.


Underfull \hbox (badness 1616) in paragraph at lines 1483--1484
\OT1/cmr/m/n/12 Grupos de trabajo en distintas ubicaciones pueden interactuar c
on
 []

LaTeX Info: Redefining \. on input line 1488.
LaTeX Info: Redefining \% on input line 1488.

Underfull \hbox (badness 1024) in paragraph at lines 1489--1490
\OT1/cmr/m/n/12 nuevos usuarios de manera flexible, sin necesidad de infraestru
ctura
 []

LaTeX Info: Redefining \. on input line 1516.
LaTeX Info: Redefining \% on input line 1516.

LaTeX Warning: Citation 'interfazAlbornoz' on page 31 undefined on input line 1
530.

LaTeX Info: Redefining \. on input line 1536.
LaTeX Info: Redefining \% on input line 1536.
)
LaTeX Info: Redefining \. on input line 128.
LaTeX Info: Redefining \% on input line 128.
\providecommand\hyper@newdestlabel[2]{}
(chapters/chapter04/chapter04.tex
Cap\'{\i }tulo 4.

LaTeX Warning: Citation 'MetodologasDeDesarrollo2015' on page 33 undefined on
 input line 5.

Missing character: There is no  in font cmbx12!
Missing character: There is no  in font cmbx12!

Underfull \hbox (badness 1019) in paragraph at lines 5--6
\OT1/cmr/m/n/12 retroalimentaci^^Son continua  [[]]. Al utilizar
 []

The command '\includegraphics [width=0.5\textwidth ]{img/chapter04/prototipo.pn
g}' has been optimized away. Use '/tikz/external/optimize=false' to disable thi
s.

LaTeX Warning: Citation 'MetodologasDeDesarrollo2015' on page 33 undefined on
 input line 10.

Missing character: There is no  in font cmbx12!
Missing character: There is no  in font cmbx12!

LaTeX Warning: Citation 'MetodologasDeDesarrollo2015' on page 33 undefined on
 input line 10.

Missing character: There is no  in font cmbx12!
Missing character: There is no  in font cmbx12!

Underfull \hbox (badness 1072) in paragraph at lines 14--17
\OT1/cmr/m/n/12 de manera iterativa. Cada prototipo no es desechado sino que se
 refina
 []


Underfull \hbox (badness 10000) in paragraph at lines 14--17

 []


Underfull \hbox (badness 10000) in paragraph at lines 14--17

 []


Underfull \hbox (badness 1033) in paragraph at lines 21--21
[]|\OT1/cmr/m/n/12 Permite obtener retroalimentaci^^Son
 []


Underfull \hbox (badness 10000) in paragraph at lines 21--21
\OT1/cmr/m/n/12 lo que ayuda a ajustar los
 []


Underfull \hbox (badness 5175) in paragraph at lines 22--23
[]|\OT1/cmr/m/n/12 Puede generar una dependencia
 []


Underfull \hbox (badness 10000) in paragraph at lines 22--23
\OT1/cmr/m/n/12 excesiva de los prototipos,
 []


Underfull \hbox (badness 7576) in paragraph at lines 22--23
\OT1/cmr/m/n/12 llevando a malentendidos sobre
 []


Underfull \hbox (badness 10000) in paragraph at lines 25--26
[]|\OT1/cmr/m/n/12 Requiere recursos adicionales
 []


Underfull \hbox (badness 10000) in paragraph at lines 27--27
[]|\OT1/cmr/m/n/12 Mejora la comprensi^^Son de los
 []


Underfull \hbox (badness 1297) in paragraph at lines 28--29
[]|\OT1/cmr/m/n/12 Si no se maneja adecuadamente,
 []


Underfull \hbox (badness 1931) in paragraph at lines 28--29
\OT1/cmr/m/n/12 original, a~nadiendo caracter^^S^^Psticas
 []


Underfull \hbox (badness 7151) in paragraph at lines 31--32
\OT1/cmr/m/n/12 con el producto final, lo que
 []


Underfull \hbox (badness 5832) in paragraph at lines 33--33
[]|\OT1/cmr/m/n/12 Fomenta la iteraci^^Son y mejora
 []


Underfull \hbox (badness 10000) in paragraph at lines 56--56
[]|\OT1/cmr/bx/n/12 Prioridad de
 []


Underfull \hbox (badness 1067) in paragraph at lines 60--61
[]|\OT1/cmr/m/n/12 Funciones ingresadas en formato compatible con
 []


Underfull \hbox (badness 10000) in paragraph at lines 62--63
\OT1/cmr/m/n/12 soportar funciones trigonom^^Setricas, polinomios,
 []

LaTeX Info: Redefining \. on input line 69.
LaTeX Info: Redefining \% on input line 69.

Underfull \hbox (badness 10000) in paragraph at lines 79--79
[]|\OT1/cmr/bx/n/12 Prioridad de
 []


Underfull \hbox (badness 2181) in paragraph at lines 85--86
[]|\OT1/cmr/m/n/12 Los usuarios deben poder seleccionar entre las
 []


Underfull \hbox (badness 4108) in paragraph at lines 87--88
[]|\OT1/cmr/m/n/12 El usuario debe haber ingresado una funci^^Son
 []


Underfull \hbox (badness 1436) in paragraph at lines 87--88
\OT1/cmr/m/n/12 matem^^Satica y estar en el ^^Sarea de selecci^^Son de
 []

LaTeX Info: Redefining \. on input line 92.
LaTeX Info: Redefining \% on input line 92.

Underfull \hbox (badness 10000) in paragraph at lines 102--102
[]|\OT1/cmr/bx/n/12 Prioridad de
 []


Underfull \hbox (badness 1092) in paragraph at lines 110--111
[]|\OT1/cmr/m/n/12 El usuario debe haber ingresado una funci^^Son y
 []


Underfull \hbox (badness 10000) in paragraph at lines 125--125
[]|\OT1/cmr/bx/n/12 Prioridad de
 []

LaTeX Info: Redefining \. on input line 138.
LaTeX Info: Redefining \% on input line 138.

Underfull \hbox (badness 10000) in paragraph at lines 147--147
[]|\OT1/cmr/bx/n/12 Prioridad de
 []


Underfull \hbox (badness 10000) in paragraph at lines 170--170
[]|\OT1/cmr/bx/n/12 Prioridad de
 []


Underfull \hbox (badness 1460) in paragraph at lines 174--175
[]|\OT1/cmr/m/n/12 Expresi^^Son matem^^Satica de la serie de Fourier y
 []

LaTeX Info: Redefining \. on input line 183.
LaTeX Info: Redefining \% on input line 183.

Underfull \hbox (badness 10000) in paragraph at lines 193--193
[]|\OT1/cmr/bx/n/12 Prioridad de
 []


Underfull \hbox (badness 5771) in paragraph at lines 195--196
[]|\OT1/cmr/m/n/12 Funci^^Son ingresada por el usuario, par^^Sametros
 []


Underfull \hbox (badness 10000) in paragraph at lines 216--216
[]|\OT1/cmr/bx/n/12 Prioridad de
 []


Underfull \hbox (badness 1917) in paragraph at lines 222--223
[]|\OT1/cmr/m/n/12 La aplicaci^^Son debe optimizar el c^^Salculo de los
 []


Underfull \hbox (badness 4582) in paragraph at lines 222--223
\OT1/cmr/m/n/12 coeficientes para mejorar el rendimiento y la
 []


Underfull \hbox (badness 10000) in paragraph at lines 222--223
\OT1/cmr/m/n/12 experiencia del usuario, manejando grandes
 []

LaTeX Info: Redefining \. on input line 229.
LaTeX Info: Redefining \% on input line 229.

Underfull \hbox (badness 10000) in paragraph at lines 251--251
[]|\OT1/cmr/bx/n/12 Rendimiento y
 []


Underfull \hbox (badness 10000) in paragraph at lines 253--253
[]|\OT1/cmr/bx/n/12 Interfaz de Usuario
 []


Underfull \hbox (badness 2689) in paragraph at lines 253--254
\OT1/cmr/m/n/12 el uso de jerga t^^Secnica complicada. La notaci^^Son
 []


Underfull \hbox (badness 10000) in paragraph at lines 255--255
[]|\OT1/cmr/bx/n/12 Manejo de la
 []


Underfull \hbox (badness 10000) in paragraph at lines 255--256
[]|\OT1/cmr/m/n/12 La aplicaci^^Son debe soportar m^^Sultiples usuarios
 []


Underfull \hbox (badness 10000) in paragraph at lines 257--257
[]|\OT1/cmr/bx/n/12 Portabilidad y
 []


Underfull \hbox (badness 10000) in paragraph at lines 257--258
\OT1/cmr/m/n/12 navegadores modernos (Chrome, Firefox, Edge).
 []


Underfull \hbox (badness 1242) in paragraph at lines 257--258
\OT1/cmr/m/n/12 Aunque no es recomendable usar la aplicaci^^Son en
 []


Underfull \hbox (badness 10000) in paragraph at lines 259--259
[]|\OT1/cmr/bx/n/12 Modularidad y
 []


Underfull \hbox (badness 10000) in paragraph at lines 259--259
\OT1/cmr/bx/n/12 Extensibilidad del
 []


Underfull \hbox (badness 2150) in paragraph at lines 259--260
[]|\OT1/cmr/m/n/12 El frontend debe estar dise~nado para facilitar la
 []


Underfull \hbox (badness 2846) in paragraph at lines 259--260
\OT1/cmr/m/n/12 de desarrollo para facilitar la adici^^Son de nuevas
 []


Underfull \hbox (badness 10000) in paragraph at lines 261--261
[]|\OT1/cmr/bx/n/12 Seguridad de la
 []


Underfull \hbox (badness 1303) in paragraph at lines 261--262
\OT1/cmr/m/n/12 en el backend para evitar solicitudes maliciosas o
 []


Underfull \hbox (badness 2173) in paragraph at lines 261--262
\OT1/cmr/m/n/12 repetitivas que puedan afectar el rendimiento del
 []


Underfull \hbox (badness 10000) in paragraph at lines 263--263
[]|\OT1/cmr/bx/n/12 Mantenibilidad de
 []


Overfull \hbox (40.56445pt too wide) in alignment at lines 236--272
 [] [] 
 []

LaTeX Info: Redefining \. on input line 272.
LaTeX Info: Redefining \% on input line 272.
)
LaTeX Info: Redefining \. on input line 129.
LaTeX Info: Redefining \% on input line 129.
\providecommand\hyper@newdestlabel[2]{}
(chapters/chapter05/chapter05.tex
Cap\'{\i }tulo 5.
)
\providecommand\hyper@newdestlabel[2]{}
(appendages/appendixA/appendixA.tex
Ap\'{e}ndice A.
LaTeX Info: Redefining \. on input line 113.
LaTeX Info: Redefining \% on input line 113.
)
LaTeX Info: Redefining \. on input line 132.
LaTeX Info: Redefining \% on input line 132.

Overfull \hbox (33.15697pt too wide) has occurred while \output is active
\OT1/cmr/m/n/12 44 \OT1/cmr/m/sl/12 AP[]ENDICE A.  C[]ALCULO DE LOS COEFICIENTE
S DE LA SERIE DE FOURIER
 []


LaTeX Warning: Empty bibliography on input line 137.

 ***********
LaTeX2e <2023-11-01> patch level 1
L3 programming layer <2024-04-11>
 ***********

LaTeX Font Warning: Size substitutions with differences
(Font)              up to 1.28pt have occurred.


LaTeX Font Warning: Some font shapes were not available, defaults substituted.


LaTeX Warning: There were undefined references.


Package biblatex Warning: Please (re)run Biber on the file:
(biblatex)                figures/main-figure22
(biblatex)                and rerun LaTeX afterwards.

Package logreq Info: Writing requests to 'figures/main-figure22.run.xml'.
\openout1 = `figures/main-figure22.run.xml'.

 ) 
Here is how much of TeX's memory you used:
 48677 strings out of 476305
 1076422 string characters out of 5791965
 2307560 words of memory out of 5000000
 70042 multiletter control sequences out of 15000+600000
 570925 words of font info for 84 fonts, out of 8000000 for 9000
 0 hyphenation exceptions out of 8191
 105i,17n,120p,1603b,2250s stack positions out of 10000i,1000n,20000p,200000b,200000s
</home/sebastian/.miktex/texmfs/install/fonts/type1/public/amsfonts/cm/cmmi12
.pfb></home/sebastian/.miktex/texmfs/install/fonts/type1/public/amsfonts/cm/cmr
12.pfb></home/sebastian/.miktex/texmfs/install/fonts/type1/public/amsfonts/cm/c
mr17.pfb></home/sebastian/.miktex/texmfs/install/fonts/type1/public/amsfonts/cm
/cmsy10.pfb>
Output written on figures/main-figure22.pdf (1 page, 69726 bytes).
PDF statistics:
 34 PDF objects out of 1000 (max. 8388607)
 2 named destinations out of 1000 (max. 500000)
 13 words of extra memory for PDF output out of 10000 (max. 10000000)

